#
# There is insufficient memory for the Java Runtime Environment to continue.
# Native memory allocation (malloc) failed to allocate 888336 bytes for Chunk::new
# Possible reasons:
#   The system is out of physical RAM or swap space
#   The process is running with CompressedOops enabled, and the Java Heap may be blocking the growth of the native heap
# Possible solutions:
#   Reduce memory load on the system
#   Increase physical memory or swap space
#   Check if swap backing store is full
#   Decrease Java heap size (-Xmx/-Xms)
#   Decrease number of Java threads
#   Decrease Java thread stack sizes (-Xss)
#   Set larger code cache with -XX:ReservedCodeCacheSize=
#   JVM is running with Zero Based Compressed Oops mode in which the Java heap is
#     placed in the first 32GB address space. The Java Heap base address is the
#     maximum limit for the native heap growth. Please use -XX:HeapBaseMinAddress
#     to set the Java Heap base and to place the Java Heap above 32GB virtual address.
# This output file may be truncated or incomplete.
#
#  Out of Memory Error (allocation.cpp:389), pid=26876, tid=0x0000000000004bcc
#
# JRE version: OpenJDK Runtime Environment (8.0) (build 1.8.0-25-microsoft-b00)
# Java VM: OpenJDK 64-Bit Server VM (25.71-b00 mixed mode windows-amd64 compressed oops)
# Failed to write core dump. Minidumps are not enabled by default on client versions of Windows
#

---------------  T H R E A D  ---------------

Current thread (0x0000000027e02000):  JavaThread "C2 CompilerThread0" daemon [_thread_in_native, id=19404, stack(0x00000000286d0000,0x00000000287d0000)]

Stack: [0x00000000286d0000,0x00000000287d0000]
[error occurred during error reporting (printing stack bounds), id 0xc0000005]

Native frames: (J=compiled Java code, j=interpreted, Vv=VM code, C=native code)


Current CompileTask:
C2:   2151  727   !   4       com.sun.tools.javac.parser.JavaTokenizer::readToken (2243 bytes)


---------------  P R O C E S S  ---------------

Java Threads: ( => current thread )
  0x0000000027e92000 JavaThread "Service Thread" daemon [_thread_blocked, id=11208, stack(0x0000000028ad0000,0x0000000028bd0000)]
  0x0000000027e19000 JavaThread "C1 CompilerThread3" daemon [_thread_blocked, id=1928, stack(0x00000000289d0000,0x0000000028ad0000)]
  0x0000000027e15000 JavaThread "C2 CompilerThread2" daemon [_thread_in_native, id=23844, stack(0x00000000288d0000,0x00000000289d0000)]
  0x0000000027e10800 JavaThread "C2 CompilerThread1" daemon [_thread_blocked, id=21008, stack(0x00000000287d0000,0x00000000288d0000)]
=>0x0000000027e02000 JavaThread "C2 CompilerThread0" daemon [_thread_in_native, id=19404, stack(0x00000000286d0000,0x00000000287d0000)]
  0x0000000027e00800 JavaThread "Attach Listener" daemon [_thread_blocked, id=27212, stack(0x00000000285d0000,0x00000000286d0000)]
  0x0000000025ffe800 JavaThread "Signal Dispatcher" daemon [_thread_blocked, id=22444, stack(0x00000000284d0000,0x00000000285d0000)]
  0x0000000027df1000 JavaThread "Finalizer" daemon [_thread_blocked, id=31704, stack(0x00000000282d0000,0x00000000283d0000)]
  0x0000000027df0800 JavaThread "Reference Handler" daemon [_thread_blocked, id=22072, stack(0x00000000281d0000,0x00000000282d0000)]
  0x0000000002f0e000 JavaThread "main" [_thread_in_native, id=17576, stack(0x0000000002de0000,0x0000000002ee0000)]

Other Threads:
  0x0000000025fe7800 VMThread [stack: 0x0000000027cd0000,0x0000000027dd0000] [id=12628]
  0x0000000027e9a800 WatcherThread [stack: 0x0000000028bd0000,0x0000000028cd0000] [id=21240]

VM state:not at safepoint (normal execution)

VM Mutex/Monitor currently owned by a thread: None

heap address: 0x00000005c2000000, size: 8160 MB, Compressed Oops mode: Zero based, Oop shift amount: 3
Narrow klass base: 0x0000000000000000, Narrow klass shift: 3
Compressed class space size: 1073741824 Address: 0x00000007c0000000

Heap:
 PSYoungGen      total 13824K, used 10149K [0x0000000716000000, 0x0000000717100000, 0x00000007c0000000)
  eden space 11776K, 69% used [0x0000000716000000,0x00000007167f0560,0x0000000716b80000)
  from space 2048K, 98% used [0x0000000716e00000,0x0000000716ff8f80,0x0000000717000000)
  to   space 2560K, 0% used [0x0000000716b80000,0x0000000716b80000,0x0000000716e00000)
 ParOldGen       total 5632K, used 2898K [0x00000005c2000000, 0x00000005c2580000, 0x0000000716000000)
  object space 5632K, 51% used [0x00000005c2000000,0x00000005c22d4898,0x00000005c2580000)
 Metaspace       used 7382K, capacity 8244K, committed 8320K, reserved 1056768K
  class space    used 857K, capacity 880K, committed 896K, reserved 1048576K

Card table byte_map: [0x00000000123d0000,0x00000000133d0000] byte_map_base: 0x000000000f5c0000

Marking Bits: (ParMarkBitMap*) 0x000000006cce8f30
 Begin Bits: [0x0000000014670000, 0x000000001c5f0000)
 End Bits:   [0x000000001c5f0000, 0x0000000024570000)

Polling page: 0x00000000010f0000

CodeCache: size=245760Kb used=3521Kb max_used=3527Kb free=242239Kb
 bounds [0x0000000003010000, 0x0000000003390000, 0x0000000012010000]
 total_blobs=1036 nmethods=750 adapters=200
 compilation: enabled

Compilation events (10 events):
Event: 2.048 Thread 0x0000000027e19000 nmethod 745 0x000000000337a290 code [0x000000000337ab00, 0x0000000003380618]
Event: 2.059 Thread 0x0000000027e10800 nmethod 747 0x0000000003377ad0 code [0x0000000003377d40, 0x00000000033786c0]
Event: 2.059 Thread 0x0000000027e10800  748       4       com.sun.tools.javac.tree.TreeMaker::Select (21 bytes)
Event: 2.060 Thread 0x0000000027e19000  749       1       com.sun.tools.javac.tree.JCTree$JCIdent::getTag (4 bytes)
Event: 2.060 Thread 0x0000000027e19000 nmethod 749 0x0000000003377810 code [0x0000000003377960, 0x0000000003377a70]
Event: 2.060 Thread 0x0000000027e10800 nmethod 748 0x0000000003376350 code [0x00000000033764a0, 0x0000000003376598]
Event: 2.065 Thread 0x0000000027e19000  750       3       java.io.File::lastModified (33 bytes)
Event: 2.065 Thread 0x0000000027e19000 nmethod 750 0x0000000003379b90 code [0x0000000003379d20, 0x000000000337a148]
Event: 2.066 Thread 0x0000000027e19000  752       3       java.util.HashSet::contains (9 bytes)
Event: 2.066 Thread 0x0000000027e19000 nmethod 752 0x0000000003379350 code [0x00000000033794e0, 0x00000000033799d8]

GC Heap History (10 events):
Event: 0.159 GC heap before
{Heap before GC invocations=2 (full 0):
 PSYoungGen      total 2048K, used 2032K [0x0000000716000000, 0x0000000716400000, 0x00000007c0000000)
  eden space 1536K, 100% used [0x0000000716000000,0x0000000716180000,0x0000000716180000)
  from space 512K, 96% used [0x0000000716180000,0x00000007161fc030,0x0000000716200000)
  to   space 512K, 0% used [0x0000000716380000,0x0000000716380000,0x0000000716400000)
 ParOldGen       total 5632K, used 44K [0x00000005c2000000, 0x00000005c2580000, 0x0000000716000000)
  object space 5632K, 0% used [0x00000005c2000000,0x00000005c200b010,0x00000005c2580000)
 Metaspace       used 3828K, capacity 5228K, committed 5376K, reserved 1056768K
  class space    used 433K, capacity 488K, committed 512K, reserved 1048576K
Event: 0.160 GC heap after
Heap after GC invocations=2 (full 0):
 PSYoungGen      total 3584K, used 496K [0x0000000716000000, 0x0000000716400000, 0x00000007c0000000)
  eden space 3072K, 0% used [0x0000000716000000,0x0000000716000000,0x0000000716300000)
  from space 512K, 96% used [0x0000000716380000,0x00000007163fc010,0x0000000716400000)
  to   space 512K, 0% used [0x0000000716300000,0x0000000716300000,0x0000000716380000)
 ParOldGen       total 5632K, used 156K [0x00000005c2000000, 0x00000005c2580000, 0x0000000716000000)
  object space 5632K, 2% used [0x00000005c2000000,0x00000005c2027010,0x00000005c2580000)
 Metaspace       used 3828K, capacity 5228K, committed 5376K, reserved 1056768K
  class space    used 433K, capacity 488K, committed 512K, reserved 1048576K
}
Event: 0.225 GC heap before
{Heap before GC invocations=3 (full 0):
 PSYoungGen      total 3584K, used 3568K [0x0000000716000000, 0x0000000716400000, 0x00000007c0000000)
  eden space 3072K, 100% used [0x0000000716000000,0x0000000716300000,0x0000000716300000)
  from space 512K, 96% used [0x0000000716380000,0x00000007163fc010,0x0000000716400000)
  to   space 512K, 0% used [0x0000000716300000,0x0000000716300000,0x0000000716380000)
 ParOldGen       total 5632K, used 156K [0x00000005c2000000, 0x00000005c2580000, 0x0000000716000000)
  object space 5632K, 2% used [0x00000005c2000000,0x00000005c2027010,0x00000005c2580000)
 Metaspace       used 4846K, capacity 6188K, committed 6272K, reserved 1056768K
  class space    used 575K, capacity 616K, committed 640K, reserved 1048576K
Event: 0.226 GC heap after
Heap after GC invocations=3 (full 0):
 PSYoungGen      total 3584K, used 512K [0x0000000716000000, 0x0000000716700000, 0x00000007c0000000)
  eden space 3072K, 0% used [0x0000000716000000,0x0000000716000000,0x0000000716300000)
  from space 512K, 100% used [0x0000000716300000,0x0000000716380000,0x0000000716380000)
  to   space 512K, 0% used [0x0000000716680000,0x0000000716680000,0x0000000716700000)
 ParOldGen       total 5632K, used 636K [0x00000005c2000000, 0x00000005c2580000, 0x0000000716000000)
  object space 5632K, 11% used [0x00000005c2000000,0x00000005c209f030,0x00000005c2580000)
 Metaspace       used 4846K, capacity 6188K, committed 6272K, reserved 1056768K
  class space    used 575K, capacity 616K, committed 640K, reserved 1048576K
}
Event: 0.293 GC heap before
{Heap before GC invocations=4 (full 0):
 PSYoungGen      total 3584K, used 3566K [0x0000000716000000, 0x0000000716700000, 0x00000007c0000000)
  eden space 3072K, 99% used [0x0000000716000000,0x00000007162fbb48,0x0000000716300000)
  from space 512K, 100% used [0x0000000716300000,0x0000000716380000,0x0000000716380000)
  to   space 512K, 0% used [0x0000000716680000,0x0000000716680000,0x0000000716700000)
 ParOldGen       total 5632K, used 636K [0x00000005c2000000, 0x00000005c2580000, 0x0000000716000000)
  object space 5632K, 11% used [0x00000005c2000000,0x00000005c209f030,0x00000005c2580000)
 Metaspace       used 5859K, capacity 7116K, committed 7296K, reserved 1056768K
  class space    used 721K, capacity 776K, committed 896K, reserved 1048576K
Event: 0.294 GC heap after
Heap after GC invocations=4 (full 0):
 PSYoungGen      total 6656K, used 495K [0x0000000716000000, 0x0000000716700000, 0x00000007c0000000)
  eden space 6144K, 0% used [0x0000000716000000,0x0000000716000000,0x0000000716600000)
  from space 512K, 96% used [0x0000000716680000,0x00000007166fbc20,0x0000000716700000)
  to   space 512K, 0% used [0x0000000716600000,0x0000000716600000,0x0000000716680000)
 ParOldGen       total 5632K, used 832K [0x00000005c2000000, 0x00000005c2580000, 0x0000000716000000)
  object space 5632K, 14% used [0x00000005c2000000,0x00000005c20d0040,0x00000005c2580000)
 Metaspace       used 5859K, capacity 7116K, committed 7296K, reserved 1056768K
  class space    used 721K, capacity 776K, committed 896K, reserved 1048576K
}
Event: 1.809 GC heap before
{Heap before GC invocations=5 (full 0):
 PSYoungGen      total 6656K, used 6513K [0x0000000716000000, 0x0000000716700000, 0x00000007c0000000)
  eden space 6144K, 97% used [0x0000000716000000,0x00000007165e0b78,0x0000000716600000)
  from space 512K, 96% used [0x0000000716680000,0x00000007166fbc20,0x0000000716700000)
  to   space 512K, 0% used [0x0000000716600000,0x0000000716600000,0x0000000716680000)
 ParOldGen       total 5632K, used 832K [0x00000005c2000000, 0x00000005c2580000, 0x0000000716000000)
  object space 5632K, 14% used [0x00000005c2000000,0x00000005c20d0040,0x00000005c2580000)
 Metaspace       used 7245K, capacity 8180K, committed 8320K, reserved 1056768K
  class space    used 852K, capacity 880K, committed 896K, reserved 1048576K
Event: 1.812 GC heap after
Heap after GC invocations=5 (full 0):
 PSYoungGen      total 6656K, used 512K [0x0000000716000000, 0x0000000717000000, 0x00000007c0000000)
  eden space 6144K, 0% used [0x0000000716000000,0x0000000716000000,0x0000000716600000)
  from space 512K, 100% used [0x0000000716600000,0x0000000716680000,0x0000000716680000)
  to   space 2048K, 0% used [0x0000000716e00000,0x0000000716e00000,0x0000000717000000)
 ParOldGen       total 5632K, used 2642K [0x00000005c2000000, 0x00000005c2580000, 0x0000000716000000)
  object space 5632K, 46% used [0x00000005c2000000,0x00000005c2294898,0x00000005c2580000)
 Metaspace       used 7245K, capacity 8180K, committed 8320K, reserved 1056768K
  class space    used 852K, capacity 880K, committed 896K, reserved 1048576K
}
Event: 1.893 GC heap before
{Heap before GC invocations=6 (full 0):
 PSYoungGen      total 6656K, used 6656K [0x0000000716000000, 0x0000000717000000, 0x00000007c0000000)
  eden space 6144K, 100% used [0x0000000716000000,0x0000000716600000,0x0000000716600000)
  from space 512K, 100% used [0x0000000716600000,0x0000000716680000,0x0000000716680000)
  to   space 2048K, 0% used [0x0000000716e00000,0x0000000716e00000,0x0000000717000000)
 ParOldGen       total 5632K, used 2642K [0x00000005c2000000, 0x00000005c2580000, 0x0000000716000000)
  object space 5632K, 46% used [0x00000005c2000000,0x00000005c2294898,0x00000005c2580000)
 Metaspace       used 7317K, capacity 8244K, committed 8320K, reserved 1056768K
  class space    used 857K, capacity 880K, committed 896K, reserved 1048576K
Event: 1.897 GC heap after
Heap after GC invocations=6 (full 0):
 PSYoungGen      total 13824K, used 2019K [0x0000000716000000, 0x0000000717100000, 0x00000007c0000000)
  eden space 11776K, 0% used [0x0000000716000000,0x0000000716000000,0x0000000716b80000)
  from space 2048K, 98% used [0x0000000716e00000,0x0000000716ff8f80,0x0000000717000000)
  to   space 2560K, 0% used [0x0000000716b80000,0x0000000716b80000,0x0000000716e00000)
 ParOldGen       total 5632K, used 2898K [0x00000005c2000000, 0x00000005c2580000, 0x0000000716000000)
  object space 5632K, 51% used [0x00000005c2000000,0x00000005c22d4898,0x00000005c2580000)
 Metaspace       used 7317K, capacity 8244K, committed 8320K, reserved 1056768K
  class space    used 857K, capacity 880K, committed 896K, reserved 1048576K
}

Deoptimization events (10 events):
Event: 1.819 Thread 0x0000000002f0e000 Uncommon trap: reason=unstable_if action=reinterpret pc=0x00000000031ca4bc method=java.lang.String.<init>([CII)V @ 18
Event: 1.819 Thread 0x0000000002f0e000 Uncommon trap: reason=unstable_if action=reinterpret pc=0x0000000003242974 method=java.util.ArrayList.isEmpty()Z @ 4
Event: 1.820 Thread 0x0000000002f0e000 Uncommon trap: reason=unstable_if action=reinterpret pc=0x0000000003242c94 method=java.util.ArrayList.isEmpty()Z @ 4
Event: 1.820 Thread 0x0000000002f0e000 Uncommon trap: reason=unstable_if action=reinterpret pc=0x000000000327b260 method=com.sun.tools.javac.util.Name$Table.equals([BI[BII)Z @ 22
Event: 1.821 Thread 0x0000000002f0e000 Uncommon trap: reason=unstable_if action=reinterpret pc=0x0000000003219990 method=com.sun.tools.javac.parser.UnicodeReader.scanChar()V @ 37
Event: 1.961 Thread 0x0000000002f0e000 Uncommon trap: reason=class_check action=maybe_recompile pc=0x00000000032b2118 method=com.sun.tools.javac.parser.Scanner.token(I)Lcom/sun/tools/javac/parser/Tokens$Token; @ 26
Event: 1.961 Thread 0x0000000002f0e000 Uncommon trap: reason=class_check action=maybe_recompile pc=0x00000000032df544 method=com.sun.tools.javac.parser.Scanner.nextToken()V @ 31
Event: 1.961 Thread 0x0000000002f0e000 Uncommon trap: reason=unstable_if action=reinterpret pc=0x00000000032bdc18 method=com.sun.tools.javac.util.Position$LineMapImpl.build([CI)V @ 42
Event: 1.961 Thread 0x0000000002f0e000 Uncommon trap: reason=unstable_if action=reinterpret pc=0x00000000032b7e24 method=com.sun.tools.javac.util.Position$LineMapImpl.build([CI)V @ 42
Event: 2.018 Thread 0x0000000002f0e000 Uncommon trap: reason=unloaded action=reinterpret pc=0x0000000003352af8 method=com.sun.tools.javac.parser.JavaTokenizer.readToken()Lcom/sun/tools/javac/parser/Tokens$Token; @ 2174

Classes redefined (0 events):
No events

Internal exceptions (10 events):
Event: 0.021 Thread 0x0000000002f0e000 Exception <a 'java/lang/NoSuchMethodError': Method sun.misc.Unsafe.defineClass(Ljava/lang/String;[BII)Ljava/lang/Class; name or signature does not match> (0x0000000716007cd8) thrown at [D:\j\worksp~1\openjd~3\jdk8u\hotspot\src\share\vm\prims\jni.cpp, line
Event: 0.021 Thread 0x0000000002f0e000 Exception <a 'java/lang/NoSuchMethodError': Method sun.misc.Unsafe.prefetchRead(Ljava/lang/Object;J)V name or signature does not match> (0x0000000716007fc0) thrown at [D:\j\worksp~1\openjd~3\jdk8u\hotspot\src\share\vm\prims\jni.cpp, line 4012]
Event: 0.091 Thread 0x0000000002f0e000 Exception <a 'java/security/PrivilegedActionException'> (0x0000000716175b40) thrown at [D:\j\worksp~1\openjd~3\jdk8u\hotspot\src\share\vm\prims\jvm.cpp, line 1508]
Event: 0.091 Thread 0x0000000002f0e000 Exception <a 'java/security/PrivilegedActionException'> (0x0000000716175f38) thrown at [D:\j\worksp~1\openjd~3\jdk8u\hotspot\src\share\vm\prims\jvm.cpp, line 1508]
Event: 0.092 Thread 0x0000000002f0e000 Exception <a 'java/security/PrivilegedActionException'> (0x000000071617a400) thrown at [D:\j\worksp~1\openjd~3\jdk8u\hotspot\src\share\vm\prims\jvm.cpp, line 1508]
Event: 0.092 Thread 0x0000000002f0e000 Exception <a 'java/security/PrivilegedActionException'> (0x000000071617a7f8) thrown at [D:\j\worksp~1\openjd~3\jdk8u\hotspot\src\share\vm\prims\jvm.cpp, line 1508]
Event: 0.092 Thread 0x0000000002f0e000 Exception <a 'java/security/PrivilegedActionException'> (0x000000071617c120) thrown at [D:\j\worksp~1\openjd~3\jdk8u\hotspot\src\share\vm\prims\jvm.cpp, line 1508]
Event: 0.092 Thread 0x0000000002f0e000 Exception <a 'java/security/PrivilegedActionException'> (0x000000071617c518) thrown at [D:\j\worksp~1\openjd~3\jdk8u\hotspot\src\share\vm\prims\jvm.cpp, line 1508]
Event: 0.097 Thread 0x0000000002f0e000 Exception <a 'java/security/PrivilegedActionException'> (0x00000007160092d0) thrown at [D:\j\worksp~1\openjd~3\jdk8u\hotspot\src\share\vm\prims\jvm.cpp, line 1508]
Event: 0.097 Thread 0x0000000002f0e000 Exception <a 'java/security/PrivilegedActionException'> (0x00000007160326b8) thrown at [D:\j\worksp~1\openjd~3\jdk8u\hotspot\src\share\vm\prims\jvm.cpp, line 1508]

Events (10 events):
Event: 2.000 Thread 0x0000000002f0e000 DEOPT UNPACKING pc=0x00000000030575d0 sp=0x0000000002edea70 mode 0
Event: 2.003 Thread 0x0000000002f0e000 DEOPT PACKING pc=0x0000000003307d7e sp=0x0000000002eded40
Event: 2.003 Thread 0x0000000002f0e000 DEOPT UNPACKING pc=0x00000000030575d0 sp=0x0000000002edea70 mode 0
Event: 2.004 Thread 0x0000000002f0e000 DEOPT PACKING pc=0x0000000003307d7e sp=0x0000000002eded40
Event: 2.004 Thread 0x0000000002f0e000 DEOPT UNPACKING pc=0x00000000030575d0 sp=0x0000000002edea70 mode 0
Event: 2.018 Thread 0x0000000002f0e000 Uncommon trap: trap_request=0x0000007d fr.pc=0x0000000003352af8
Event: 2.018 Thread 0x0000000002f0e000 DEOPT PACKING pc=0x0000000003352af8 sp=0x0000000002ede660
Event: 2.018 Thread 0x0000000002f0e000 DEOPT UNPACKING pc=0x000000000305557b sp=0x0000000002ede658 mode 2
Event: 2.036 Thread 0x0000000002f0e000 DEOPT PACKING pc=0x000000000315f855 sp=0x0000000002edecd0
Event: 2.036 Thread 0x0000000002f0e000 DEOPT UNPACKING pc=0x00000000030575d0 sp=0x0000000002edea30 mode 0


Dynamic libraries:
0x00007ff7886c0000 - 0x00007ff7886c7000 	C:\Program Files\Android\Jdk\microsoft_dist_openjdk_1.8.0.25\bin\javac.exe
0x00007ffe57c00000 - 0x00007ffe57df0000 	C:\WINDOWS\SYSTEM32\ntdll.dll
0x00007ffe55cb0000 - 0x00007ffe55d62000 	C:\WINDOWS\System32\KERNEL32.DLL
0x00007ffe54dd0000 - 0x00007ffe55075000 	C:\WINDOWS\System32\KERNELBASE.dll
0x00007ffe486d0000 - 0x00007ffe486ff000 	C:\Program Files\Android\Jdk\microsoft_dist_openjdk_1.8.0.25\bin\jli.dll
0x000000006c0f0000 - 0x000000006c1c1000 	C:\Program Files\Android\Jdk\microsoft_dist_openjdk_1.8.0.25\bin\MSVCR100.dll
0x00007ffe56ce0000 - 0x00007ffe56d83000 	C:\WINDOWS\System32\ADVAPI32.dll
0x00007ffe55df0000 - 0x00007ffe55e8e000 	C:\WINDOWS\System32\msvcrt.dll
0x00007ffe579c0000 - 0x00007ffe57a57000 	C:\WINDOWS\System32\sechost.dll
0x00007ffe57150000 - 0x00007ffe57270000 	C:\WINDOWS\System32\RPCRT4.dll
0x00007ffe56ed0000 - 0x00007ffe57064000 	C:\WINDOWS\System32\USER32.dll
0x00007ffe553d0000 - 0x00007ffe553f1000 	C:\WINDOWS\System32\win32u.dll
0x00007ffe44910000 - 0x00007ffe44b94000 	C:\WINDOWS\WinSxS\amd64_microsoft.windows.common-controls_6595b64144ccf1df_6.0.18362.1198_none_9e820b57e45ad92f\COMCTL32.dll
0x00007ffe56df0000 - 0x00007ffe56e16000 	C:\WINDOWS\System32\GDI32.dll
0x00007ffe572e0000 - 0x00007ffe57615000 	C:\WINDOWS\System32\combase.dll
0x00007ffe551b0000 - 0x00007ffe55346000 	C:\WINDOWS\System32\gdi32full.dll
0x00007ffe54b80000 - 0x00007ffe54c7a000 	C:\WINDOWS\System32\ucrtbase.dll
0x00007ffe55400000 - 0x00007ffe5549e000 	C:\WINDOWS\System32\msvcp_win.dll
0x00007ffe55350000 - 0x00007ffe553d0000 	C:\WINDOWS\System32\bcryptPrimitives.dll
0x00007ffe57860000 - 0x00007ffe5788e000 	C:\WINDOWS\System32\IMM32.DLL
0x000000006cd70000 - 0x000000006ce41000 	C:\Program Files\Android\Jdk\microsoft_dist_openjdk_1.8.0.25\jre\bin\msvcr100.dll
0x000000006c520000 - 0x000000006cd65000 	C:\Program Files\Android\Jdk\microsoft_dist_openjdk_1.8.0.25\jre\bin\server\jvm.dll
0x00007ffe57070000 - 0x00007ffe57078000 	C:\WINDOWS\System32\PSAPI.DLL
0x00007ffe51590000 - 0x00007ffe515b4000 	C:\WINDOWS\SYSTEM32\WINMM.dll
0x00007ffe4bcf0000 - 0x00007ffe4bcf9000 	C:\WINDOWS\SYSTEM32\WSOCK32.dll
0x00007ffe535f0000 - 0x00007ffe535fa000 	C:\WINDOWS\SYSTEM32\VERSION.dll
0x00007ffe57270000 - 0x00007ffe572df000 	C:\WINDOWS\System32\WS2_32.dll
0x00007ffe51300000 - 0x00007ffe5132d000 	C:\WINDOWS\SYSTEM32\WINMMBASE.dll
0x00007ffe55160000 - 0x00007ffe551aa000 	C:\WINDOWS\System32\cfgmgr32.dll
0x00007ffe53640000 - 0x00007ffe5364f000 	C:\Program Files\Android\Jdk\microsoft_dist_openjdk_1.8.0.25\jre\bin\verify.dll
0x00007ffe53610000 - 0x00007ffe53639000 	C:\Program Files\Android\Jdk\microsoft_dist_openjdk_1.8.0.25\jre\bin\java.dll
0x00007ffe4d220000 - 0x00007ffe4d236000 	C:\Program Files\Android\Jdk\microsoft_dist_openjdk_1.8.0.25\jre\bin\zip.dll
0x00007ffe56120000 - 0x00007ffe56807000 	C:\WINDOWS\System32\SHELL32.dll
0x00007ffe57890000 - 0x00007ffe57939000 	C:\WINDOWS\System32\shcore.dll
0x00007ffe554a0000 - 0x00007ffe55c21000 	C:\WINDOWS\System32\windows.storage.dll
0x00007ffe54b50000 - 0x00007ffe54b73000 	C:\WINDOWS\System32\profapi.dll
0x00007ffe54b00000 - 0x00007ffe54b4a000 	C:\WINDOWS\System32\powrprof.dll
0x00007ffe54ab0000 - 0x00007ffe54ac0000 	C:\WINDOWS\System32\UMPDC.dll
0x00007ffe55f10000 - 0x00007ffe55f62000 	C:\WINDOWS\System32\shlwapi.dll
0x00007ffe54ae0000 - 0x00007ffe54af1000 	C:\WINDOWS\System32\kernel.appcore.dll
0x00007ffe55c30000 - 0x00007ffe55c47000 	C:\WINDOWS\System32\cryptsp.dll

VM Arguments:
jvm_args: -Dapplication.home=C:\Program Files\Android\Jdk\microsoft_dist_openjdk_1.8.0.25 -Xms8m -Dfile.encoding=UTF8 
java_command: com.sun.tools.javac.Main @C:\Users\PC\AppData\Local\Temp\tmp2524.tmp -target 1.8 -source 1.8
java_class_path (initial): C:\Program Files\Android\Jdk\microsoft_dist_openjdk_1.8.0.25/lib/tools.jar;C:\Program Files\Android\Jdk\microsoft_dist_openjdk_1.8.0.25/classes
Launcher Type: SUN_STANDARD

Environment Variables:
PATH=C:\Program Files\Android\Jdk\microsoft_dist_openjdk_1.8.0.25\bin;C:\Program Files (x86)\Eziriz\.NET Reactor;C:\WINDOWS\system32;C:\WINDOWS;C:\WINDOWS\System32\Wbem;C:\WINDOWS\System32\WindowsPowerShell\v1.0\;C:\WINDOWS\System32\OpenSSH\;C:\Program Files\dotnet\;C:\Program Files\Microsoft SQL Server\130\Tools\Binn\;C:\Program Files\Microsoft SQL Server\Client SDK\ODBC\170\Tools\Binn\;C:\Program Files (x86)\Microsoft SQL Server\Client SDK\ODBC\130\Tools\Binn\;C:\Program Files (x86)\Microsoft SQL Server\140\Tools\Binn\;C:\Program Files (x86)\Microsoft SQL Server\140\DTS\Binn\;C:\Program Files (x86)\Microsoft SQL Server\140\Tools\Binn\ManagementStudio\;C:\Program Files\mosquitto;C:\Program Files\VisioForge\VisioForge SDKs .Net TRIAL\Redist\FFMPEG\;C:\Program Files\VisioForge\VisioForge SDKs .Net TRIAL\Redist\Filters\;C:\Users\PC\AppData\Local\Microsoft\WindowsApps;C:\Users\PC\AppData\Local\GitHubDesktop\bin;C:\Users\PC\.dotnet\tools;C:\Users\PC\.dotnet\tools
USERNAME=PC
OS=Windows_NT
PROCESSOR_IDENTIFIER=Intel64 Family 6 Model 94 Stepping 3, GenuineIntel



---------------  S Y S T E M  ---------------

OS: Windows 10.0 , 64 bit Build 18362 (10.0.18362.1110)

CPU:total 8 (initial active 8) (4 cores per cpu, 2 threads per core) family 6 model 94 stepping 3, cmov, cx8, fxsr, mmx, sse, sse2, sse3, ssse3, sse4.1, sse4.2, popcnt, avx, avx2, aes, clmul, erms, rtm, 3dnowpref, lzcnt, ht, tsc, tscinvbit, bmi1, bmi2, adx

Memory: 4k page, physical 33420396k(3138292k free), swap 33420396k(5796k free)

vm_info: OpenJDK 64-Bit Server VM (25.71-b00) for windows-amd64 JRE (1.8.0-25-microsoft-b00), built on Feb  7 2019 20:09:14 by "builder" with MS VC++ 10.0 (VS2010)

time: Mon Dec 14 10:35:48 2020
timezone: SE Asia Standard Time
elapsed time: 2 seconds (0d 0h 0m 2s)

