#
# There is insufficient memory for the Java Runtime Environment to continue.
# Native memory allocation (malloc) failed to allocate 32744 bytes for ChunkPool::allocate
# Possible reasons:
#   The system is out of physical RAM or swap space
#   The process is running with CompressedOops enabled, and the Java Heap may be blocking the growth of the native heap
# Possible solutions:
#   Reduce memory load on the system
#   Increase physical memory or swap space
#   Check if swap backing store is full
#   Decrease Java heap size (-Xmx/-Xms)
#   Decrease number of Java threads
#   Decrease Java thread stack sizes (-Xss)
#   Set larger code cache with -XX:ReservedCodeCacheSize=
#   JVM is running with Unscaled Compressed Oops mode in which the Java heap is
#     placed in the first 4GB address space. The Java Heap base address is the
#     maximum limit for the native heap growth. Please use -XX:HeapBaseMinAddress
#     to set the Java Heap base and to place the Java Heap above 4GB virtual address.
# This output file may be truncated or incomplete.
#
#  Out of Memory Error (allocation.cpp:272), pid=18644, tid=0x0000000000004978
#
# JRE version: OpenJDK Runtime Environment (8.0) (build 1.8.0-25-microsoft-b00)
# Java VM: OpenJDK 64-Bit Server VM (25.71-b00 mixed mode windows-amd64 compressed oops)
# Failed to write core dump. Minidumps are not enabled by default on client versions of Windows
#

---------------  T H R E A D  ---------------

Current thread (0x0000000017e59800):  JavaThread "C1 CompilerThread3" daemon [_thread_in_native, id=18808, stack(0x0000000018a20000,0x0000000018b20000)]

Stack: [0x0000000018a20000,0x0000000018b20000]
[error occurred during error reporting (printing stack bounds), id 0xc0000005]

Native frames: (J=compiled Java code, j=interpreted, Vv=VM code, C=native code)


Current CompileTask:
C1:    105   62   !   3      
[error occurred during error reporting (printing current compile task), id 0xe0000001]


---------------  P R O C E S S  ---------------

Java Threads: ( => current thread )
  0x0000000017ede800 JavaThread "Service Thread" daemon [_thread_blocked, id=19476, stack(0x0000000018b20000,0x0000000018c20000)]
=>0x0000000017e59800 JavaThread "C1 CompilerThread3" daemon [_thread_in_native, id=18808, stack(0x0000000018a20000,0x0000000018b20000)]
  0x0000000017e56000 JavaThread "C2 CompilerThread2" daemon [_thread_in_native, id=7000, stack(0x0000000018920000,0x0000000018a20000)]
  0x0000000017e4c800 JavaThread "C2 CompilerThread1" daemon [_thread_in_native, id=29168, stack(0x0000000018820000,0x0000000018920000)]
  0x0000000017e4b000 JavaThread "C2 CompilerThread0" daemon [_thread_in_native, id=19560, stack(0x0000000018720000,0x0000000018820000)]
  0x0000000017e49800 JavaThread "Attach Listener" daemon [_thread_blocked, id=16124, stack(0x0000000018620000,0x0000000018720000)]
  0x0000000017e48800 JavaThread "Signal Dispatcher" daemon [_thread_blocked, id=30940, stack(0x0000000018520000,0x0000000018620000)]
  0x0000000017e40800 JavaThread "Finalizer" daemon [_thread_blocked, id=14084, stack(0x0000000018320000,0x0000000018420000)]
  0x000000001603c000 JavaThread "Reference Handler" daemon [_thread_blocked, id=29248, stack(0x0000000018220000,0x0000000018320000)]
  0x0000000003422800 JavaThread "main" [_thread_in_Java, id=28368, stack(0x0000000003250000,0x0000000003350000)]

Other Threads:
  0x0000000016038000 VMThread [stack: 0x0000000017d20000,0x0000000017e20000] [id=6224]
  0x0000000017edf800 WatcherThread [stack: 0x0000000018c20000,0x0000000018d20000] [id=25128]

VM state:not at safepoint (normal execution)

VM Mutex/Monitor currently owned by a thread: None

heap address: 0x00000000c0000000, size: 1024 MB, Compressed Oops mode: 32-bit
Narrow klass base: 0x0000000000000000, Narrow klass shift: 3
Compressed class space size: 1073741824 Address: 0x0000000100000000

Heap:
 PSYoungGen      total 152576K, used 7864K [0x00000000eab00000, 0x00000000f5500000, 0x0000000100000000)
  eden space 131072K, 6% used [0x00000000eab00000,0x00000000eb2ae1d0,0x00000000f2b00000)
  from space 21504K, 0% used [0x00000000f4000000,0x00000000f4000000,0x00000000f5500000)
  to   space 21504K, 0% used [0x00000000f2b00000,0x00000000f2b00000,0x00000000f4000000)
 ParOldGen       total 348160K, used 0K [0x00000000c0000000, 0x00000000d5400000, 0x00000000eab00000)
  object space 348160K, 0% used [0x00000000c0000000,0x00000000c0000000,0x00000000d5400000)
 Metaspace       used 2655K, capacity 4480K, committed 4480K, reserved 1056768K
  class space    used 277K, capacity 384K, committed 384K, reserved 1048576K

Card table byte_map: [0x00000000128e0000,0x0000000012af0000] byte_map_base: 0x00000000122e0000

Marking Bits: (ParMarkBitMap*) 0x000000005bc48f30
 Begin Bits: [0x0000000013450000, 0x0000000014450000)
 End Bits:   [0x0000000014450000, 0x0000000015450000)

Polling page: 0x0000000001510000

CodeCache: size=245760Kb used=1229Kb max_used=1229Kb free=244530Kb
 bounds [0x0000000003520000, 0x0000000003790000, 0x0000000012520000]
 total_blobs=302 nmethods=66 adapters=150
 compilation: enabled

Compilation events (10 events):
Event: 0.104 Thread 0x0000000017e56000   87       4       java.util.jar.Attributes$Name::isValid (45 bytes)
Event: 0.104 Thread 0x0000000017e4b000   88       4       java.lang.String::<init> (100 bytes)
Event: 0.104 Thread 0x0000000017e59800 nmethod 60 0x0000000003651f10 code [0x0000000003652260, 0x0000000003653ad8]
Event: 0.104 Thread 0x0000000017e59800   85       1       java.nio.charset.CharsetDecoder::maxCharsPerByte (5 bytes)
Event: 0.104 Thread 0x0000000017e59800 nmethod 85 0x0000000003643f50 code [0x00000000036440a0, 0x00000000036441b0]
Event: 0.104 Thread 0x0000000017e59800   61       3       java.lang.StringCoding::deref (19 bytes)
Event: 0.104 Thread 0x0000000017e59800 nmethod 61 0x000000000364f410 code [0x000000000364f5a0, 0x000000000364f9c8]
Event: 0.104 Thread 0x0000000017e59800   65       3       java.lang.StringCoding::scale (7 bytes)
Event: 0.105 Thread 0x0000000017e59800 nmethod 65 0x000000000364f0d0 code [0x000000000364f220, 0x000000000364f390]
Event: 0.105 Thread 0x0000000017e59800   62   !   3       java.lang.StringCoding$StringDecoder::decode (179 bytes)

GC Heap History (0 events):
No events

Deoptimization events (0 events):
No events

Classes redefined (0 events):
No events

Internal exceptions (2 events):
Event: 0.021 Thread 0x0000000003422800 Exception <a 'java/lang/NoSuchMethodError': Method sun.misc.Unsafe.defineClass(Ljava/lang/String;[BII)Ljava/lang/Class; name or signature does not match> (0x00000000eab07cb0) thrown at [D:\j\worksp~1\openjd~3\jdk8u\hotspot\src\share\vm\prims\jni.cpp, line
Event: 0.021 Thread 0x0000000003422800 Exception <a 'java/lang/NoSuchMethodError': Method sun.misc.Unsafe.prefetchRead(Ljava/lang/Object;J)V name or signature does not match> (0x00000000eab07f98) thrown at [D:\j\worksp~1\openjd~3\jdk8u\hotspot\src\share\vm\prims\jni.cpp, line 4012]

Events (10 events):
Event: 0.093 loading class java/io/ByteArrayOutputStream
Event: 0.093 loading class java/io/ByteArrayOutputStream done
Event: 0.093 loading class java/util/jar/Attributes
Event: 0.093 loading class java/util/jar/Attributes done
Event: 0.093 loading class java/util/jar/Manifest$FastInputStream
Event: 0.093 loading class java/util/jar/Manifest$FastInputStream done
Event: 0.093 loading class java/util/jar/Attributes$Name
Event: 0.093 loading class java/util/jar/Attributes$Name done
Event: 0.093 loading class sun/misc/ASCIICaseInsensitiveComparator
Event: 0.093 loading class sun/misc/ASCIICaseInsensitiveComparator done


Dynamic libraries:
0x00007ff6feb30000 - 0x00007ff6feb65000 	C:\Program Files\Android\Jdk\microsoft_dist_openjdk_1.8.0.25\bin\java.exe
0x00007ff8f3480000 - 0x00007ff8f3670000 	C:\WINDOWS\SYSTEM32\ntdll.dll
0x00007ff8f1560000 - 0x00007ff8f1612000 	C:\WINDOWS\System32\KERNEL32.DLL
0x00007ff8f0700000 - 0x00007ff8f09a5000 	C:\WINDOWS\System32\KERNELBASE.dll
0x00007ff8f1cb0000 - 0x00007ff8f1d53000 	C:\WINDOWS\System32\ADVAPI32.dll
0x00007ff8f2cf0000 - 0x00007ff8f2d8e000 	C:\WINDOWS\System32\msvcrt.dll
0x00007ff8f1dd0000 - 0x00007ff8f1e67000 	C:\WINDOWS\System32\sechost.dll
0x00007ff8f2b00000 - 0x00007ff8f2c20000 	C:\WINDOWS\System32\RPCRT4.dll
0x00007ff8f18a0000 - 0x00007ff8f1a34000 	C:\WINDOWS\System32\USER32.dll
0x00007ff8f0480000 - 0x00007ff8f04a1000 	C:\WINDOWS\System32\win32u.dll
0x00007ff8f1530000 - 0x00007ff8f1556000 	C:\WINDOWS\System32\GDI32.dll
0x00007ff8f0b30000 - 0x00007ff8f0cc6000 	C:\WINDOWS\System32\gdi32full.dll
0x00007ff8f0cd0000 - 0x00007ff8f0d6e000 	C:\WINDOWS\System32\msvcp_win.dll
0x00007ff8f09b0000 - 0x00007ff8f0aaa000 	C:\WINDOWS\System32\ucrtbase.dll
0x00007ff8e31b0000 - 0x00007ff8e3434000 	C:\WINDOWS\WinSxS\amd64_microsoft.windows.common-controls_6595b64144ccf1df_6.0.18362.1198_none_9e820b57e45ad92f\COMCTL32.dll
0x00007ff8f2060000 - 0x00007ff8f2395000 	C:\WINDOWS\System32\combase.dll
0x00007ff8f0ab0000 - 0x00007ff8f0b30000 	C:\WINDOWS\System32\bcryptPrimitives.dll
0x00007ff8f2020000 - 0x00007ff8f204e000 	C:\WINDOWS\System32\IMM32.DLL
0x000000005bcd0000 - 0x000000005bda1000 	C:\Program Files\Android\Jdk\microsoft_dist_openjdk_1.8.0.25\jre\bin\msvcr100.dll
0x000000005b480000 - 0x000000005bcc5000 	C:\Program Files\Android\Jdk\microsoft_dist_openjdk_1.8.0.25\jre\bin\server\jvm.dll
0x00007ff8f2050000 - 0x00007ff8f2058000 	C:\WINDOWS\System32\PSAPI.DLL
0x00007ff8e44f0000 - 0x00007ff8e4514000 	C:\WINDOWS\SYSTEM32\WINMM.dll
0x00007ff8ec6b0000 - 0x00007ff8ec6ba000 	C:\WINDOWS\SYSTEM32\VERSION.dll
0x00007ff8e8ec0000 - 0x00007ff8e8ec9000 	C:\WINDOWS\SYSTEM32\WSOCK32.dll
0x00007ff8f1f20000 - 0x00007ff8f1f8f000 	C:\WINDOWS\System32\WS2_32.dll
0x00007ff8e7f30000 - 0x00007ff8e7f5d000 	C:\WINDOWS\SYSTEM32\WINMMBASE.dll
0x00007ff8f0560000 - 0x00007ff8f05aa000 	C:\WINDOWS\System32\cfgmgr32.dll
0x00007ff8e5be0000 - 0x00007ff8e5bef000 	C:\Program Files\Android\Jdk\microsoft_dist_openjdk_1.8.0.25\jre\bin\verify.dll
0x00007ff8dd3b0000 - 0x00007ff8dd3d9000 	C:\Program Files\Android\Jdk\microsoft_dist_openjdk_1.8.0.25\jre\bin\java.dll
0x00007ff8dd390000 - 0x00007ff8dd3a6000 	C:\Program Files\Android\Jdk\microsoft_dist_openjdk_1.8.0.25\jre\bin\zip.dll
0x00007ff8f2410000 - 0x00007ff8f2af7000 	C:\WINDOWS\System32\SHELL32.dll
0x00007ff8f1e70000 - 0x00007ff8f1f19000 	C:\WINDOWS\System32\shcore.dll
0x00007ff8f0da0000 - 0x00007ff8f1521000 	C:\WINDOWS\System32\windows.storage.dll
0x00007ff8f0360000 - 0x00007ff8f0383000 	C:\WINDOWS\System32\profapi.dll
0x00007ff8f0390000 - 0x00007ff8f03da000 	C:\WINDOWS\System32\powrprof.dll
0x00007ff8f0330000 - 0x00007ff8f0340000 	C:\WINDOWS\System32\UMPDC.dll
0x00007ff8f1fb0000 - 0x00007ff8f2002000 	C:\WINDOWS\System32\shlwapi.dll
0x00007ff8f03e0000 - 0x00007ff8f03f1000 	C:\WINDOWS\System32\kernel.appcore.dll
0x00007ff8f0400000 - 0x00007ff8f0417000 	C:\WINDOWS\System32\cryptsp.dll

VM Arguments:
jvm_args: -Xmx1G 
java_command: com.android.tools.r8.D8 --debug --min-api 21 --output obj\Debug\90\android\bin\ --lib C:\Program Files (x86)\Android\android-sdk\platforms\android-28\android.jar obj\Debug\90\android\bin\classes.zip C:\Program Files (x86)\Microsoft Visual Studio\2019\Enterprise\Common7\IDE\ReferenceAssemblies\Microsoft\Framework\MonoAndroid\v9.0\mono.android.jar C:\Program Files (x86)\Microsoft Visual Studio\2019\Enterprise\MSBuild\Xamarin\Android\java_runtime_fastdev.jar obj\Debug\90\lp\5\jl\formsviewgroup.jar obj\Debug\90\lp\7\jl\android.arch.core.common.jar obj\Debug\90\lp\8\jl\bin\classes.jar obj\Debug\90\lp\9\jl\android.arch.lifecycle.common.jar obj\Debug\90\lp\10\jl\bin\classes.jar obj\Debug\90\lp\11\jl\bin\classes.jar obj\Debug\90\lp\12\jl\bin\classes.jar obj\Debug\90\lp\13\jl\bin\classes.jar obj\Debug\90\lp\14\jl\bin\classes.jar obj\Debug\90\lp\15\jl\com.android.support.support-annotations.jar obj\Debug\90\lp\16\jl\bin\classes.jar obj\Debug\90\lp\17\jl\com.android.support.collections.jar obj\Debug\90\lp\18\jl\bin\classes.jar obj\Debug\90\lp\19\jl\bin\classes.jar obj\Debug\90\lp\20\jl\bin\classes.jar obj\Debug\90\lp\21\jl\bin\classes.jar obj\Debug\90\lp\22\jl\bin\classes.jar obj\Debug\90\lp\23\jl\bin\classes.jar obj\Debug\90\lp\24\jl\bin\classes.jar obj\Debug\90\lp\25\jl\bin\classes.jar obj\Debug\90\lp\26\jl\bin\classes.jar obj\Debug\90\lp\27\jl\bin\classes.jar obj\Debug\90\lp\28\jl\bin\classes.jar obj\Debug\90\lp\29\jl\bin\classes.jar obj\Debug\90\lp\30\jl\bin\classes.jar obj\Debug\90\lp\31\jl\bin\classes.jar obj\Debug\90\lp\32\jl\bin\classes.jar obj\Debug\90\lp\33\jl\bin\classes.jar obj\Debug\90\lp\34\jl\bin\classes.jar obj\Debug\90\lp\35\jl\bin\classes.jar obj\Debug\90\lp\36\jl\bin\classes.jar obj\Debug\90\lp\38\jl\bin\classes.jar obj\Debug\90\lp\39\jl\bin\classes.jar obj\Debug\90\lp\40\jl\bin\classes.jar obj\Debug\90\lp\41\jl\bin\classes.jar obj\Debug\90\lp\42\jl\bin\classes.jar obj\Debug\90\lp\43\jl\bin\classes.jar
java_class_path (initial): C:\Program Files (x86)\Microsoft Visual Studio\2019\Enterprise\MSBuild\Xamarin\Android\r8.jar
Launcher Type: SUN_STANDARD

Environment Variables:
PATH=C:\Program Files\Android\Jdk\microsoft_dist_openjdk_1.8.0.25\bin;C:\Program Files (x86)\Eziriz\.NET Reactor;C:\WINDOWS\system32;C:\WINDOWS;C:\WINDOWS\System32\Wbem;C:\WINDOWS\System32\WindowsPowerShell\v1.0\;C:\WINDOWS\System32\OpenSSH\;C:\Program Files\dotnet\;C:\Program Files\Microsoft SQL Server\130\Tools\Binn\;C:\Program Files\Microsoft SQL Server\Client SDK\ODBC\170\Tools\Binn\;C:\Program Files (x86)\Microsoft SQL Server\Client SDK\ODBC\130\Tools\Binn\;C:\Program Files (x86)\Microsoft SQL Server\140\Tools\Binn\;C:\Program Files (x86)\Microsoft SQL Server\140\DTS\Binn\;C:\Program Files (x86)\Microsoft SQL Server\140\Tools\Binn\ManagementStudio\;C:\Program Files\mosquitto;C:\Program Files\VisioForge\VisioForge SDKs .Net TRIAL\Redist\FFMPEG\;C:\Program Files\VisioForge\VisioForge SDKs .Net TRIAL\Redist\Filters\;C:\Users\PC\AppData\Local\Microsoft\WindowsApps;C:\Users\PC\AppData\Local\GitHubDesktop\bin;C:\Users\PC\.dotnet\tools;C:\Users\PC\.dotnet\tools
USERNAME=PC
OS=Windows_NT
PROCESSOR_IDENTIFIER=Intel64 Family 6 Model 94 Stepping 3, GenuineIntel



---------------  S Y S T E M  ---------------

OS: Windows 10.0 , 64 bit Build 18362 (10.0.18362.1110)

CPU:total 8 (initial active 8) (4 cores per cpu, 2 threads per core) family 6 model 94 stepping 3, cmov, cx8, fxsr, mmx, sse, sse2, sse3, ssse3, sse4.1, sse4.2, popcnt, avx, avx2, aes, clmul, erms, rtm, 3dnowpref, lzcnt, ht, tsc, tscinvbit, bmi1, bmi2, adx

Memory: 4k page, physical 33420396k(3900516k free), swap 33420396k(3756k free)

vm_info: OpenJDK 64-Bit Server VM (25.71-b00) for windows-amd64 JRE (1.8.0-25-microsoft-b00), built on Feb  7 2019 20:09:14 by "builder" with MS VC++ 10.0 (VS2010)

time: Mon Dec 07 12:50:30 2020
timezone: SE Asia Standard Time
elapsed time: 0 seconds (0d 0h 0m 0s)

