#
# There is insufficient memory for the Java Runtime Environment to continue.
# Native memory allocation (malloc) failed to allocate 1048576 bytes for AllocateHeap
# Possible reasons:
#   The system is out of physical RAM or swap space
#   The process is running with CompressedOops enabled, and the Java Heap may be blocking the growth of the native heap
# Possible solutions:
#   Reduce memory load on the system
#   Increase physical memory or swap space
#   Check if swap backing store is full
#   Decrease Java heap size (-Xmx/-Xms)
#   Decrease number of Java threads
#   Decrease Java thread stack sizes (-Xss)
#   Set larger code cache with -XX:ReservedCodeCacheSize=
#   JVM is running with Zero Based Compressed Oops mode in which the Java heap is
#     placed in the first 32GB address space. The Java Heap base address is the
#     maximum limit for the native heap growth. Please use -XX:HeapBaseMinAddress
#     to set the Java Heap base and to place the Java Heap above 32GB virtual address.
# This output file may be truncated or incomplete.
#
#  Out of Memory Error (memory/allocation.inline.hpp:61), pid=21536, tid=0x000000000000750c
#
# JRE version:  (8.0) (build )
# Java VM: OpenJDK 64-Bit Server VM (25.71-b00 mixed mode windows-amd64 compressed oops)
# Failed to write core dump. Minidumps are not enabled by default on client versions of Windows
#

---------------  T H R E A D  ---------------

Current thread (0x0000000002dde000):  JavaThread "Unknown thread" [_thread_in_vm, id=29964, stack(0x0000000002c90000,0x0000000002d90000)]

Stack: [0x0000000002c90000,0x0000000002d90000]
[error occurred during error reporting (printing stack bounds), id 0xc0000005]

Native frames: (J=compiled Java code, j=interpreted, Vv=VM code, C=native code)


---------------  P R O C E S S  ---------------

Java Threads: ( => current thread )

Other Threads:

=>0x0000000002dde000 (exited) JavaThread "Unknown thread" [_thread_in_vm, id=29964, stack(0x0000000002c90000,0x0000000002d90000)]

VM state:not at safepoint (normal execution)

VM Mutex/Monitor currently owned by a thread: None

heap address: 0x00000005c2000000, size: 8160 MB, Compressed Oops mode: Zero based, Oop shift amount: 3
Narrow klass base: 0x0000000000000000, Narrow klass shift: 3
Compressed class space size: 1073741824 Address: 0x00000007c0000000

Heap:
 PSYoungGen      total 152576K, used 2621K [0x0000000716000000, 0x0000000720a00000, 0x00000007c0000000)
  eden space 131072K, 2% used [0x0000000716000000,0x000000071628f5d0,0x000000071e000000)
  from space 21504K, 0% used [0x000000071f500000,0x000000071f500000,0x0000000720a00000)
  to   space 21504K, 0% used [0x000000071e000000,0x000000071e000000,0x000000071f500000)
 ParOldGen       total 348160K, used 0K [0x00000005c2000000, 0x00000005d7400000, 0x0000000716000000)
  object space 348160K, 0% used [0x00000005c2000000,0x00000005c2000000,0x00000005d7400000)
 Metaspace       used 777K, capacity 4480K, committed 4480K, reserved 1056768K
  class space    used 74K, capacity 384K, committed 384K, reserved 1048576K

Card table byte_map: [0x00000000122a0000,0x00000000132a0000] byte_map_base: 0x000000000f490000

Marking Bits: (ParMarkBitMap*) 0x000000005bc48f30
 Begin Bits: [0x0000000014540000, 0x000000001c4c0000)
 End Bits:   [0x000000001c4c0000, 0x0000000024440000)

Polling page: 0x0000000000be0000

CodeCache: size=245760Kb used=328Kb max_used=328Kb free=245431Kb
 bounds [0x0000000002ee0000, 0x0000000003150000, 0x0000000011ee0000]
 total_blobs=57 nmethods=0 adapters=38
 compilation: enabled

Compilation events (0 events):
No events

GC Heap History (0 events):
No events

Deoptimization events (0 events):
No events

Classes redefined (0 events):
No events

Internal exceptions (0 events):
No events

Events (10 events):
Event: 0.021 loading class java/lang/Short
Event: 0.021 loading class java/lang/Short done
Event: 0.021 loading class java/lang/Integer
Event: 0.021 loading class java/lang/Integer done
Event: 0.021 loading class java/lang/Long
Event: 0.021 loading class java/lang/Long done
Event: 0.021 loading class java/lang/NullPointerException
Event: 0.021 loading class java/lang/NullPointerException done
Event: 0.021 loading class java/lang/ArithmeticException
Event: 0.021 loading class java/lang/ArithmeticException done


Dynamic libraries:
0x00007ff6feb30000 - 0x00007ff6feb65000 	C:\Program Files\Android\Jdk\microsoft_dist_openjdk_1.8.0.25\bin\java.exe
0x00007ff8f3480000 - 0x00007ff8f3670000 	C:\WINDOWS\SYSTEM32\ntdll.dll
0x00007ff8f1560000 - 0x00007ff8f1612000 	C:\WINDOWS\System32\KERNEL32.DLL
0x00007ff8f0700000 - 0x00007ff8f09a5000 	C:\WINDOWS\System32\KERNELBASE.dll
0x00007ff8f1cb0000 - 0x00007ff8f1d53000 	C:\WINDOWS\System32\ADVAPI32.dll
0x00007ff8f2cf0000 - 0x00007ff8f2d8e000 	C:\WINDOWS\System32\msvcrt.dll
0x00007ff8f1dd0000 - 0x00007ff8f1e67000 	C:\WINDOWS\System32\sechost.dll
0x00007ff8f2b00000 - 0x00007ff8f2c20000 	C:\WINDOWS\System32\RPCRT4.dll
0x00007ff8f18a0000 - 0x00007ff8f1a34000 	C:\WINDOWS\System32\USER32.dll
0x00007ff8f0480000 - 0x00007ff8f04a1000 	C:\WINDOWS\System32\win32u.dll
0x00007ff8f1530000 - 0x00007ff8f1556000 	C:\WINDOWS\System32\GDI32.dll
0x00007ff8f0b30000 - 0x00007ff8f0cc6000 	C:\WINDOWS\System32\gdi32full.dll
0x00007ff8f0cd0000 - 0x00007ff8f0d6e000 	C:\WINDOWS\System32\msvcp_win.dll
0x00007ff8f09b0000 - 0x00007ff8f0aaa000 	C:\WINDOWS\System32\ucrtbase.dll
0x00007ff8e31b0000 - 0x00007ff8e3434000 	C:\WINDOWS\WinSxS\amd64_microsoft.windows.common-controls_6595b64144ccf1df_6.0.18362.1198_none_9e820b57e45ad92f\COMCTL32.dll
0x00007ff8f2060000 - 0x00007ff8f2395000 	C:\WINDOWS\System32\combase.dll
0x00007ff8f0ab0000 - 0x00007ff8f0b30000 	C:\WINDOWS\System32\bcryptPrimitives.dll
0x00007ff8f2020000 - 0x00007ff8f204e000 	C:\WINDOWS\System32\IMM32.DLL
0x000000005bcd0000 - 0x000000005bda1000 	C:\Program Files\Android\Jdk\microsoft_dist_openjdk_1.8.0.25\jre\bin\msvcr100.dll
0x000000005b480000 - 0x000000005bcc5000 	C:\Program Files\Android\Jdk\microsoft_dist_openjdk_1.8.0.25\jre\bin\server\jvm.dll
0x00007ff8f2050000 - 0x00007ff8f2058000 	C:\WINDOWS\System32\PSAPI.DLL
0x00007ff8e8ec0000 - 0x00007ff8e8ec9000 	C:\WINDOWS\SYSTEM32\WSOCK32.dll
0x00007ff8e44f0000 - 0x00007ff8e4514000 	C:\WINDOWS\SYSTEM32\WINMM.dll
0x00007ff8f1f20000 - 0x00007ff8f1f8f000 	C:\WINDOWS\System32\WS2_32.dll
0x00007ff8ec6b0000 - 0x00007ff8ec6ba000 	C:\WINDOWS\SYSTEM32\VERSION.dll
0x00007ff8e7f30000 - 0x00007ff8e7f5d000 	C:\WINDOWS\SYSTEM32\WINMMBASE.dll
0x00007ff8f0560000 - 0x00007ff8f05aa000 	C:\WINDOWS\System32\cfgmgr32.dll
0x00007ff8e5be0000 - 0x00007ff8e5bef000 	C:\Program Files\Android\Jdk\microsoft_dist_openjdk_1.8.0.25\jre\bin\verify.dll
0x00007ff8dd3b0000 - 0x00007ff8dd3d9000 	C:\Program Files\Android\Jdk\microsoft_dist_openjdk_1.8.0.25\jre\bin\java.dll
0x00007ff8dd390000 - 0x00007ff8dd3a6000 	C:\Program Files\Android\Jdk\microsoft_dist_openjdk_1.8.0.25\jre\bin\zip.dll

VM Arguments:
java_command: <unknown>
java_class_path (initial): .
Launcher Type: SUN_STANDARD

Environment Variables:
PATH=C:\Program Files\Android\Jdk\microsoft_dist_openjdk_1.8.0.25\bin;C:\Program Files (x86)\Eziriz\.NET Reactor;C:\WINDOWS\system32;C:\WINDOWS;C:\WINDOWS\System32\Wbem;C:\WINDOWS\System32\WindowsPowerShell\v1.0\;C:\WINDOWS\System32\OpenSSH\;C:\Program Files\dotnet\;C:\Program Files\Microsoft SQL Server\130\Tools\Binn\;C:\Program Files\Microsoft SQL Server\Client SDK\ODBC\170\Tools\Binn\;C:\Program Files (x86)\Microsoft SQL Server\Client SDK\ODBC\130\Tools\Binn\;C:\Program Files (x86)\Microsoft SQL Server\140\Tools\Binn\;C:\Program Files (x86)\Microsoft SQL Server\140\DTS\Binn\;C:\Program Files (x86)\Microsoft SQL Server\140\Tools\Binn\ManagementStudio\;C:\Program Files\mosquitto;C:\Program Files\VisioForge\VisioForge SDKs .Net TRIAL\Redist\FFMPEG\;C:\Program Files\VisioForge\VisioForge SDKs .Net TRIAL\Redist\Filters\;C:\Users\PC\AppData\Local\Microsoft\WindowsApps;C:\Users\PC\AppData\Local\GitHubDesktop\bin;C:\Users\PC\.dotnet\tools;C:\Users\PC\.dotnet\tools
USERNAME=PC
OS=Windows_NT
PROCESSOR_IDENTIFIER=Intel64 Family 6 Model 94 Stepping 3, GenuineIntel



---------------  S Y S T E M  ---------------

OS: Windows 10.0 , 64 bit Build 18362 (10.0.18362.1110)

CPU:total 8 (initial active 8) (4 cores per cpu, 2 threads per core) family 6 model 94 stepping 3, cmov, cx8, fxsr, mmx, sse, sse2, sse3, ssse3, sse4.1, sse4.2, popcnt, avx, avx2, aes, clmul, erms, rtm, 3dnowpref, lzcnt, ht, tsc, tscinvbit, bmi1, bmi2, adx

Memory: 4k page, physical 33420396k(4215364k free), swap 33420396k(6000k free)

vm_info: OpenJDK 64-Bit Server VM (25.71-b00) for windows-amd64 JRE (1.8.0-25-microsoft-b00), built on Feb  7 2019 20:09:14 by "builder" with MS VC++ 10.0 (VS2010)

time: Mon Dec 07 12:48:01 2020
timezone: SE Asia Standard Time
elapsed time: 0 seconds (0d 0h 0m 0s)

