#
# There is insufficient memory for the Java Runtime Environment to continue.
# Native memory allocation (malloc) failed to allocate 1271552 bytes for Chunk::new
# Possible reasons:
#   The system is out of physical RAM or swap space
#   The process is running with CompressedOops enabled, and the Java Heap may be blocking the growth of the native heap
# Possible solutions:
#   Reduce memory load on the system
#   Increase physical memory or swap space
#   Check if swap backing store is full
#   Decrease Java heap size (-Xmx/-Xms)
#   Decrease number of Java threads
#   Decrease Java thread stack sizes (-Xss)
#   Set larger code cache with -XX:ReservedCodeCacheSize=
#   JVM is running with Unscaled Compressed Oops mode in which the Java heap is
#     placed in the first 4GB address space. The Java Heap base address is the
#     maximum limit for the native heap growth. Please use -XX:HeapBaseMinAddress
#     to set the Java Heap base and to place the Java Heap above 4GB virtual address.
# This output file may be truncated or incomplete.
#
#  Out of Memory Error (allocation.cpp:389), pid=10276, tid=0x00000000000061ac
#
# JRE version: OpenJDK Runtime Environment (8.0) (build 1.8.0-25-microsoft-b00)
# Java VM: OpenJDK 64-Bit Server VM (25.71-b00 mixed mode windows-amd64 compressed oops)
# Failed to write core dump. Minidumps are not enabled by default on client versions of Windows
#

---------------  T H R E A D  ---------------

Current thread (0x000000001798d800):  JavaThread "C2 CompilerThread0" daemon [_thread_in_native, id=25004, stack(0x0000000018260000,0x0000000018360000)]

Stack: [0x0000000018260000,0x0000000018360000]
[error occurred during error reporting (printing stack bounds), id 0xc0000005]

Native frames: (J=compiled Java code, j=interpreted, Vv=VM code, C=native code)


Current CompileTask:
C2:   4548 4476 %     4       com.android.tools.r8.ir.regalloc.LinearScanRegisterAllocator::a @ 2115 (3993 bytes)


---------------  P R O C E S S  ---------------

Java Threads: ( => current thread )
  0x0000000018af3800 JavaThread "ForkJoinPool-1-worker-0" daemon [_thread_in_Java, id=30940, stack(0x000000001a330000,0x000000001a430000)]
  0x0000000018af3000 JavaThread "ForkJoinPool-1-worker-3" daemon [_thread_in_Java, id=14084, stack(0x000000001a230000,0x000000001a330000)]
  0x0000000018af2000 JavaThread "ForkJoinPool-1-worker-2" daemon [_thread_in_Java, id=29248, stack(0x000000001a130000,0x000000001a230000)]
  0x0000000018cd8800 JavaThread "ForkJoinPool-1-worker-1" daemon [_thread_in_Java, id=6224, stack(0x000000001a030000,0x000000001a130000)]
  0x0000000017a20000 JavaThread "Service Thread" daemon [_thread_blocked, id=31568, stack(0x0000000018660000,0x0000000018760000)]
  0x00000000179a2000 JavaThread "C1 CompilerThread3" daemon [_thread_blocked, id=31348, stack(0x0000000018560000,0x0000000018660000)]
  0x000000001799e000 JavaThread "C2 CompilerThread2" daemon [_thread_in_native, id=15276, stack(0x0000000018460000,0x0000000018560000)]
  0x000000001798f800 JavaThread "C2 CompilerThread1" daemon [_thread_in_native, id=32308, stack(0x0000000018360000,0x0000000018460000)]
=>0x000000001798d800 JavaThread "C2 CompilerThread0" daemon [_thread_in_native, id=25004, stack(0x0000000018260000,0x0000000018360000)]
  0x0000000017989000 JavaThread "Attach Listener" daemon [_thread_blocked, id=26480, stack(0x0000000018160000,0x0000000018260000)]
  0x0000000017988000 JavaThread "Signal Dispatcher" daemon [_thread_blocked, id=1324, stack(0x0000000018060000,0x0000000018160000)]
  0x0000000015b82000 JavaThread "Finalizer" daemon [_thread_blocked, id=28180, stack(0x0000000017e60000,0x0000000017f60000)]
  0x0000000015b7b800 JavaThread "Reference Handler" daemon [_thread_blocked, id=16240, stack(0x0000000017d60000,0x0000000017e60000)]
  0x0000000002f62800 JavaThread "main" [_thread_blocked, id=23748, stack(0x0000000002e20000,0x0000000002f20000)]

Other Threads:
  0x0000000015b77800 VMThread [stack: 0x0000000017860000,0x0000000017960000] [id=31424]
  0x0000000017a21000 WatcherThread [stack: 0x0000000018760000,0x0000000018860000] [id=9572]

VM state:not at safepoint (normal execution)

VM Mutex/Monitor currently owned by a thread: None

heap address: 0x00000000c0000000, size: 1024 MB, Compressed Oops mode: 32-bit
Narrow klass base: 0x0000000000000000, Narrow klass shift: 3
Compressed class space size: 1073741824 Address: 0x0000000100000000

Heap:
 PSYoungGen      total 152576K, used 64695K [0x00000000eab00000, 0x00000000f5500000, 0x0000000100000000)
  eden space 131072K, 48% used [0x00000000eab00000,0x00000000ee8e5c08,0x00000000f2b00000)
  from space 21504K, 6% used [0x00000000f2b00000,0x00000000f2c48000,0x00000000f4000000)
  to   space 21504K, 0% used [0x00000000f4000000,0x00000000f4000000,0x00000000f5500000)
 ParOldGen       total 348160K, used 69617K [0x00000000c0000000, 0x00000000d5400000, 0x00000000eab00000)
  object space 348160K, 19% used [0x00000000c0000000,0x00000000c43fc578,0x00000000d5400000)
 Metaspace       used 16027K, capacity 17054K, committed 17408K, reserved 1064960K
  class space    used 1928K, capacity 2205K, committed 2304K, reserved 1048576K

Card table byte_map: [0x0000000012420000,0x0000000012630000] byte_map_base: 0x0000000011e20000

Marking Bits: (ParMarkBitMap*) 0x000000005bc48f30
 Begin Bits: [0x0000000012f90000, 0x0000000013f90000)
 End Bits:   [0x0000000013f90000, 0x0000000014f90000)

Polling page: 0x0000000000df0000

CodeCache: size=245760Kb used=15179Kb max_used=15448Kb free=230580Kb
 bounds [0x0000000003060000, 0x0000000003f90000, 0x0000000012060000]
 total_blobs=4531 nmethods=4179 adapters=263
 compilation: enabled

Compilation events (10 events):
Event: 4.512 Thread 0x00000000179a2000 5030       2       java.util.HashMap$TreeNode::<init> (10 bytes)
Event: 4.512 Thread 0x00000000179a2000 nmethod 5030 0x0000000003a5ff10 code [0x0000000003a60060, 0x0000000003a601f0]
Event: 4.513 Thread 0x00000000179a2000 5032       2       com.android.tools.r8.u.b.l::b (323 bytes)
Event: 4.514 Thread 0x00000000179a2000 nmethod 5032 0x00000000037c6b50 code [0x00000000037c6f20, 0x00000000037c7da8]
Event: 4.514 Thread 0x00000000179a2000 5029       2       com.android.tools.r8.u.b.l::a (38 bytes)
Event: 4.515 Thread 0x00000000179a2000 nmethod 5029 0x00000000037ec390 code [0x00000000037ec560, 0x00000000037ec9c8]
Event: 4.520 Thread 0x00000000179a2000 5034       2       java.util.HashMap$TreeNode::balanceInsertion (245 bytes)
Event: 4.521 Thread 0x00000000179a2000 nmethod 5034 0x00000000037dd490 code [0x00000000037dd680, 0x00000000037ddc58]
Event: 4.523 Thread 0x00000000179a2000 5035       1       com.android.tools.r8.v.a.a.a.h.c0$d::getKey (13 bytes)
Event: 4.523 Thread 0x00000000179a2000 nmethod 5035 0x000000000380ded0 code [0x000000000380e020, 0x000000000380e150]

GC Heap History (10 events):
Event: 3.851 GC heap before
{Heap before GC invocations=9 (full 0):
 PSYoungGen      total 152576K, used 136992K [0x00000000eab00000, 0x00000000f5500000, 0x0000000100000000)
  eden space 131072K, 100% used [0x00000000eab00000,0x00000000f2b00000,0x00000000f2b00000)
  from space 21504K, 27% used [0x00000000f4000000,0x00000000f45c8000,0x00000000f5500000)
  to   space 21504K, 0% used [0x00000000f2b00000,0x00000000f2b00000,0x00000000f4000000)
 ParOldGen       total 348160K, used 58209K [0x00000000c0000000, 0x00000000d5400000, 0x00000000eab00000)
  object space 348160K, 16% used [0x00000000c0000000,0x00000000c38d8558,0x00000000d5400000)
 Metaspace       used 15955K, capacity 16986K, committed 17152K, reserved 1064960K
  class space    used 1928K, capacity 2205K, committed 2304K, reserved 1048576K
Event: 3.859 GC heap after
Heap after GC invocations=9 (full 0):
 PSYoungGen      total 152576K, used 5460K [0x00000000eab00000, 0x00000000f5500000, 0x0000000100000000)
  eden space 131072K, 0% used [0x00000000eab00000,0x00000000eab00000,0x00000000f2b00000)
  from space 21504K, 25% used [0x00000000f2b00000,0x00000000f3055110,0x00000000f4000000)
  to   space 21504K, 0% used [0x00000000f4000000,0x00000000f4000000,0x00000000f5500000)
 ParOldGen       total 348160K, used 60673K [0x00000000c0000000, 0x00000000d5400000, 0x00000000eab00000)
  object space 348160K, 17% used [0x00000000c0000000,0x00000000c3b40568,0x00000000d5400000)
 Metaspace       used 15955K, capacity 16986K, committed 17152K, reserved 1064960K
  class space    used 1928K, capacity 2205K, committed 2304K, reserved 1048576K
}
Event: 4.009 GC heap before
{Heap before GC invocations=10 (full 0):
 PSYoungGen      total 152576K, used 136532K [0x00000000eab00000, 0x00000000f5500000, 0x0000000100000000)
  eden space 131072K, 100% used [0x00000000eab00000,0x00000000f2b00000,0x00000000f2b00000)
  from space 21504K, 25% used [0x00000000f2b00000,0x00000000f3055110,0x00000000f4000000)
  to   space 21504K, 0% used [0x00000000f4000000,0x00000000f4000000,0x00000000f5500000)
 ParOldGen       total 348160K, used 60673K [0x00000000c0000000, 0x00000000d5400000, 0x00000000eab00000)
  object space 348160K, 17% used [0x00000000c0000000,0x00000000c3b40568,0x00000000d5400000)
 Metaspace       used 15979K, capacity 16986K, committed 17152K, reserved 1064960K
  class space    used 1928K, capacity 2205K, committed 2304K, reserved 1048576K
Event: 4.020 GC heap after
Heap after GC invocations=10 (full 0):
 PSYoungGen      total 152576K, used 3216K [0x00000000eab00000, 0x00000000f5500000, 0x0000000100000000)
  eden space 131072K, 0% used [0x00000000eab00000,0x00000000eab00000,0x00000000f2b00000)
  from space 21504K, 14% used [0x00000000f4000000,0x00000000f4324010,0x00000000f5500000)
  to   space 21504K, 0% used [0x00000000f2b00000,0x00000000f2b00000,0x00000000f4000000)
 ParOldGen       total 348160K, used 63929K [0x00000000c0000000, 0x00000000d5400000, 0x00000000eab00000)
  object space 348160K, 18% used [0x00000000c0000000,0x00000000c3e6e568,0x00000000d5400000)
 Metaspace       used 15979K, capacity 16986K, committed 17152K, reserved 1064960K
  class space    used 1928K, capacity 2205K, committed 2304K, reserved 1048576K
}
Event: 4.152 GC heap before
{Heap before GC invocations=11 (full 0):
 PSYoungGen      total 152576K, used 134288K [0x00000000eab00000, 0x00000000f5500000, 0x0000000100000000)
  eden space 131072K, 100% used [0x00000000eab00000,0x00000000f2b00000,0x00000000f2b00000)
  from space 21504K, 14% used [0x00000000f4000000,0x00000000f4324010,0x00000000f5500000)
  to   space 21504K, 0% used [0x00000000f2b00000,0x00000000f2b00000,0x00000000f4000000)
 ParOldGen       total 348160K, used 63929K [0x00000000c0000000, 0x00000000d5400000, 0x00000000eab00000)
  object space 348160K, 18% used [0x00000000c0000000,0x00000000c3e6e568,0x00000000d5400000)
 Metaspace       used 16001K, capacity 17054K, committed 17408K, reserved 1064960K
  class space    used 1928K, capacity 2205K, committed 2304K, reserved 1048576K
Event: 4.158 GC heap after
Heap after GC invocations=11 (full 0):
 PSYoungGen      total 152576K, used 1440K [0x00000000eab00000, 0x00000000f5500000, 0x0000000100000000)
  eden space 131072K, 0% used [0x00000000eab00000,0x00000000eab00000,0x00000000f2b00000)
  from space 21504K, 6% used [0x00000000f2b00000,0x00000000f2c68000,0x00000000f4000000)
  to   space 21504K, 0% used [0x00000000f4000000,0x00000000f4000000,0x00000000f5500000)
 ParOldGen       total 348160K, used 66841K [0x00000000c0000000, 0x00000000d5400000, 0x00000000eab00000)
  object space 348160K, 19% used [0x00000000c0000000,0x00000000c4146578,0x00000000d5400000)
 Metaspace       used 16001K, capacity 17054K, committed 17408K, reserved 1064960K
  class space    used 1928K, capacity 2205K, committed 2304K, reserved 1048576K
}
Event: 4.318 GC heap before
{Heap before GC invocations=12 (full 0):
 PSYoungGen      total 152576K, used 132512K [0x00000000eab00000, 0x00000000f5500000, 0x0000000100000000)
  eden space 131072K, 100% used [0x00000000eab00000,0x00000000f2b00000,0x00000000f2b00000)
  from space 21504K, 6% used [0x00000000f2b00000,0x00000000f2c68000,0x00000000f4000000)
  to   space 21504K, 0% used [0x00000000f4000000,0x00000000f4000000,0x00000000f5500000)
 ParOldGen       total 348160K, used 66841K [0x00000000c0000000, 0x00000000d5400000, 0x00000000eab00000)
  object space 348160K, 19% used [0x00000000c0000000,0x00000000c4146578,0x00000000d5400000)
 Metaspace       used 16013K, capacity 17054K, committed 17408K, reserved 1064960K
  class space    used 1928K, capacity 2205K, committed 2304K, reserved 1048576K
Event: 4.325 GC heap after
Heap after GC invocations=12 (full 0):
 PSYoungGen      total 152576K, used 1696K [0x00000000eab00000, 0x00000000f5500000, 0x0000000100000000)
  eden space 131072K, 0% used [0x00000000eab00000,0x00000000eab00000,0x00000000f2b00000)
  from space 21504K, 7% used [0x00000000f4000000,0x00000000f41a8000,0x00000000f5500000)
  to   space 21504K, 0% used [0x00000000f2b00000,0x00000000f2b00000,0x00000000f4000000)
 ParOldGen       total 348160K, used 68089K [0x00000000c0000000, 0x00000000d5400000, 0x00000000eab00000)
  object space 348160K, 19% used [0x00000000c0000000,0x00000000c427e578,0x00000000d5400000)
 Metaspace       used 16013K, capacity 17054K, committed 17408K, reserved 1064960K
  class space    used 1928K, capacity 2205K, committed 2304K, reserved 1048576K
}
Event: 4.460 GC heap before
{Heap before GC invocations=13 (full 0):
 PSYoungGen      total 152576K, used 132768K [0x00000000eab00000, 0x00000000f5500000, 0x0000000100000000)
  eden space 131072K, 100% used [0x00000000eab00000,0x00000000f2b00000,0x00000000f2b00000)
  from space 21504K, 7% used [0x00000000f4000000,0x00000000f41a8000,0x00000000f5500000)
  to   space 21504K, 0% used [0x00000000f2b00000,0x00000000f2b00000,0x00000000f4000000)
 ParOldGen       total 348160K, used 68089K [0x00000000c0000000, 0x00000000d5400000, 0x00000000eab00000)
  object space 348160K, 19% used [0x00000000c0000000,0x00000000c427e578,0x00000000d5400000)
 Metaspace       used 16023K, capacity 17054K, committed 17408K, reserved 1064960K
  class space    used 1928K, capacity 2205K, committed 2304K, reserved 1048576K
Event: 4.464 GC heap after
Heap after GC invocations=13 (full 0):
 PSYoungGen      total 152576K, used 1312K [0x00000000eab00000, 0x00000000f5500000, 0x0000000100000000)
  eden space 131072K, 0% used [0x00000000eab00000,0x00000000eab00000,0x00000000f2b00000)
  from space 21504K, 6% used [0x00000000f2b00000,0x00000000f2c48000,0x00000000f4000000)
  to   space 21504K, 0% used [0x00000000f4000000,0x00000000f4000000,0x00000000f5500000)
 ParOldGen       total 348160K, used 69617K [0x00000000c0000000, 0x00000000d5400000, 0x00000000eab00000)
  object space 348160K, 19% used [0x00000000c0000000,0x00000000c43fc578,0x00000000d5400000)
 Metaspace       used 16023K, capacity 17054K, committed 17408K, reserved 1064960K
  class space    used 1928K, capacity 2205K, committed 2304K, reserved 1048576K
}

Deoptimization events (10 events):
Event: 3.417 Thread 0x0000000018af3000 Uncommon trap: reason=unstable_if action=reinterpret pc=0x0000000003eccbe0 method=com.android.tools.r8.u.c.o.a(ILcom/android/tools/r8/u/c/M;)I @ 148
Event: 3.726 Thread 0x0000000018af3000 Uncommon trap: reason=class_check action=maybe_recompile pc=0x0000000003d15e60 method=com.android.tools.r8.u.a.h.e.b(Lcom/android/tools/r8/u/b/d0;)V @ 142
Event: 3.731 Thread 0x0000000018af3000 Uncommon trap: reason=bimorphic action=maybe_recompile pc=0x0000000003e9cd1c method=com.android.tools.r8.ir.regalloc.LinearScanRegisterAllocator.a(Lcom/android/tools/r8/u/b/g1;Ljava/util/Collection;)Z @ 1
Event: 3.731 Thread 0x0000000018af3000 Uncommon trap: reason=bimorphic action=maybe_recompile pc=0x0000000003e9cd1c method=com.android.tools.r8.ir.regalloc.LinearScanRegisterAllocator.a(Lcom/android/tools/r8/u/b/g1;Ljava/util/Collection;)Z @ 1
Event: 3.731 Thread 0x0000000018af3000 Uncommon trap: reason=bimorphic action=maybe_recompile pc=0x0000000003e9cd1c method=com.android.tools.r8.ir.regalloc.LinearScanRegisterAllocator.a(Lcom/android/tools/r8/u/b/g1;Ljava/util/Collection;)Z @ 1
Event: 3.731 Thread 0x0000000018af3000 Uncommon trap: reason=bimorphic action=maybe_recompile pc=0x0000000003e9cd1c method=com.android.tools.r8.ir.regalloc.LinearScanRegisterAllocator.a(Lcom/android/tools/r8/u/b/g1;Ljava/util/Collection;)Z @ 1
Event: 3.746 Thread 0x0000000018cd8800 Uncommon trap: reason=unstable_if action=reinterpret pc=0x000000000318c290 method=com.android.tools.r8.ir.regalloc.a.compareTo(Ljava/lang/Object;)I @ 52
Event: 3.747 Thread 0x0000000018cd8800 Uncommon trap: reason=unstable_if action=reinterpret pc=0x00000000031eceb8 method=java.util.TreeMap.compare(Ljava/lang/Object;Ljava/lang/Object;)I @ 4
Event: 3.868 Thread 0x0000000018af3000 Uncommon trap: reason=unstable_if action=reinterpret pc=0x0000000003efd724 method=com.android.tools.r8.v.a.a.a.f.x0$e.contains(Ljava/lang/Object;)Z @ 124
Event: 4.072 Thread 0x0000000018af3800 Uncommon trap: reason=predicate action=maybe_recompile pc=0x00000000034a23b0 method=com.android.tools.r8.ir.optimize.h.c(Lcom/android/tools/r8/u/b/d0;)Z @ 224

Classes redefined (0 events):
No events

Internal exceptions (10 events):
Event: 1.560 Thread 0x0000000018af3800 Exception <a 'java/lang/NoSuchMethodError': java.lang.Object.lambda$comparingInt$7b0bb60$1(Ljava/util/function/ToIntFunction;Ljava/lang/Object;Ljava/lang/Object;)I> (0x00000000ecfebb18) thrown at [D:\j\worksp~1\openjd~3\jdk8u\hotspot\src\share\vm\interpre
Event: 1.560 Thread 0x0000000018af2000 Exception <a 'java/lang/NoSuchMethodError': java.lang.Object.lambda$comparingInt$7b0bb60$1(Ljava/util/function/ToIntFunction;Ljava/lang/Object;Ljava/lang/Object;)I> (0x00000000ed29a3a0) thrown at [D:\j\worksp~1\openjd~3\jdk8u\hotspot\src\share\vm\interpre
Event: 1.560 Thread 0x0000000018cd8800 Exception <a 'java/lang/NoSuchMethodError': java.lang.Object.lambda$comparingInt$7b0bb60$1(Ljava/util/function/ToIntFunction;Ljava/lang/Object;Ljava/lang/Object;)I> (0x00000000ed1a80a8) thrown at [D:\j\worksp~1\openjd~3\jdk8u\hotspot\src\share\vm\interpre
Event: 1.560 Thread 0x0000000018af3000 Exception <a 'java/lang/NoSuchMethodError': java.lang.Object.lambda$comparingInt$7b0bb60$1(Ljava/util/function/ToIntFunction;Ljava/lang/Object;Ljava/lang/Object;)I> (0x00000000ecd9e620) thrown at [D:\j\worksp~1\openjd~3\jdk8u\hotspot\src\share\vm\interpre
Event: 1.561 Thread 0x0000000018cd8800 Exception <a 'java/lang/NoSuchMethodError': java.lang.Object.lambda$maxBy$1(Ljava/util/Comparator;Ljava/lang/Object;Ljava/lang/Object;)Ljava/lang/Object;> (0x00000000ed1b2fc0) thrown at [D:\j\worksp~1\openjd~3\jdk8u\hotspot\src\share\vm\interpreter\linkRe
Event: 1.561 Thread 0x0000000018af2000 Exception <a 'java/lang/NoSuchMethodError': java.lang.Object.lambda$maxBy$1(Ljava/util/Comparator;Ljava/lang/Object;Ljava/lang/Object;)Ljava/lang/Object;> (0x00000000ed2a4e98) thrown at [D:\j\worksp~1\openjd~3\jdk8u\hotspot\src\share\vm\interpreter\linkRe
Event: 1.561 Thread 0x0000000018af3000 Exception <a 'java/lang/NoSuchMethodError': java.lang.Object.lambda$maxBy$1(Ljava/util/Comparator;Ljava/lang/Object;Ljava/lang/Object;)Ljava/lang/Object;> (0x00000000ecda9468) thrown at [D:\j\worksp~1\openjd~3\jdk8u\hotspot\src\share\vm\interpreter\linkRe
Event: 1.561 Thread 0x0000000018af3800 Exception <a 'java/lang/NoSuchMethodError': java.lang.Object.lambda$maxBy$1(Ljava/util/Comparator;Ljava/lang/Object;Ljava/lang/Object;)Ljava/lang/Object;> (0x00000000ecff7a58) thrown at [D:\j\worksp~1\openjd~3\jdk8u\hotspot\src\share\vm\interpreter\linkRe
Event: 1.596 Thread 0x0000000018af3800 Implicit null exception at 0x0000000003484670 to 0x0000000003484751
Event: 3.334 Thread 0x0000000018af3000 Implicit null exception at 0x00000000036c8380 to 0x00000000036ce3e9

Events (10 events):
Event: 4.512 Thread 0x00000000179a2000 flushing nmethod 0x0000000003810810
Event: 4.512 Thread 0x00000000179a2000 flushing nmethod 0x0000000003827a90
Event: 4.512 Thread 0x00000000179a2000 flushing nmethod 0x00000000038302d0
Event: 4.514 Thread 0x00000000179a2000 flushing nmethod 0x00000000038a0b50
Event: 4.515 Thread 0x00000000179a2000 flushing nmethod 0x00000000039226d0
Event: 4.515 Thread 0x00000000179a2000 flushing nmethod 0x000000000399e2d0
Event: 4.521 Thread 0x00000000179a2000 flushing nmethod 0x00000000039d6e90
Event: 4.523 Thread 0x00000000179a2000 flushing nmethod 0x0000000003ca8350
Event: 4.526 Executing VM operation: RevokeBias
Event: 4.533 Executing VM operation: RevokeBias done


Dynamic libraries:
0x00007ff6feb30000 - 0x00007ff6feb65000 	C:\Program Files\Android\Jdk\microsoft_dist_openjdk_1.8.0.25\bin\java.exe
0x00007ff8f3480000 - 0x00007ff8f3670000 	C:\WINDOWS\SYSTEM32\ntdll.dll
0x00007ff8f1560000 - 0x00007ff8f1612000 	C:\WINDOWS\System32\KERNEL32.DLL
0x00007ff8f0700000 - 0x00007ff8f09a5000 	C:\WINDOWS\System32\KERNELBASE.dll
0x00007ff8f1cb0000 - 0x00007ff8f1d53000 	C:\WINDOWS\System32\ADVAPI32.dll
0x00007ff8f2cf0000 - 0x00007ff8f2d8e000 	C:\WINDOWS\System32\msvcrt.dll
0x00007ff8f1dd0000 - 0x00007ff8f1e67000 	C:\WINDOWS\System32\sechost.dll
0x00007ff8f2b00000 - 0x00007ff8f2c20000 	C:\WINDOWS\System32\RPCRT4.dll
0x00007ff8f18a0000 - 0x00007ff8f1a34000 	C:\WINDOWS\System32\USER32.dll
0x00007ff8f0480000 - 0x00007ff8f04a1000 	C:\WINDOWS\System32\win32u.dll
0x00007ff8f1530000 - 0x00007ff8f1556000 	C:\WINDOWS\System32\GDI32.dll
0x00007ff8f0b30000 - 0x00007ff8f0cc6000 	C:\WINDOWS\System32\gdi32full.dll
0x00007ff8f0cd0000 - 0x00007ff8f0d6e000 	C:\WINDOWS\System32\msvcp_win.dll
0x00007ff8f09b0000 - 0x00007ff8f0aaa000 	C:\WINDOWS\System32\ucrtbase.dll
0x00007ff8e31b0000 - 0x00007ff8e3434000 	C:\WINDOWS\WinSxS\amd64_microsoft.windows.common-controls_6595b64144ccf1df_6.0.18362.1198_none_9e820b57e45ad92f\COMCTL32.dll
0x00007ff8f2060000 - 0x00007ff8f2395000 	C:\WINDOWS\System32\combase.dll
0x00007ff8f0ab0000 - 0x00007ff8f0b30000 	C:\WINDOWS\System32\bcryptPrimitives.dll
0x00007ff8f2020000 - 0x00007ff8f204e000 	C:\WINDOWS\System32\IMM32.DLL
0x000000005bcd0000 - 0x000000005bda1000 	C:\Program Files\Android\Jdk\microsoft_dist_openjdk_1.8.0.25\jre\bin\msvcr100.dll
0x000000005b480000 - 0x000000005bcc5000 	C:\Program Files\Android\Jdk\microsoft_dist_openjdk_1.8.0.25\jre\bin\server\jvm.dll
0x00007ff8f2050000 - 0x00007ff8f2058000 	C:\WINDOWS\System32\PSAPI.DLL
0x00007ff8ec6b0000 - 0x00007ff8ec6ba000 	C:\WINDOWS\SYSTEM32\VERSION.dll
0x00007ff8e8ec0000 - 0x00007ff8e8ec9000 	C:\WINDOWS\SYSTEM32\WSOCK32.dll
0x00007ff8e44f0000 - 0x00007ff8e4514000 	C:\WINDOWS\SYSTEM32\WINMM.dll
0x00007ff8f1f20000 - 0x00007ff8f1f8f000 	C:\WINDOWS\System32\WS2_32.dll
0x00007ff8e7f30000 - 0x00007ff8e7f5d000 	C:\WINDOWS\SYSTEM32\WINMMBASE.dll
0x00007ff8f0560000 - 0x00007ff8f05aa000 	C:\WINDOWS\System32\cfgmgr32.dll
0x00007ff8e5be0000 - 0x00007ff8e5bef000 	C:\Program Files\Android\Jdk\microsoft_dist_openjdk_1.8.0.25\jre\bin\verify.dll
0x00007ff8dd3b0000 - 0x00007ff8dd3d9000 	C:\Program Files\Android\Jdk\microsoft_dist_openjdk_1.8.0.25\jre\bin\java.dll
0x00007ff8dd390000 - 0x00007ff8dd3a6000 	C:\Program Files\Android\Jdk\microsoft_dist_openjdk_1.8.0.25\jre\bin\zip.dll
0x00007ff8f2410000 - 0x00007ff8f2af7000 	C:\WINDOWS\System32\SHELL32.dll
0x00007ff8f1e70000 - 0x00007ff8f1f19000 	C:\WINDOWS\System32\shcore.dll
0x00007ff8f0da0000 - 0x00007ff8f1521000 	C:\WINDOWS\System32\windows.storage.dll
0x00007ff8f0360000 - 0x00007ff8f0383000 	C:\WINDOWS\System32\profapi.dll
0x00007ff8f0390000 - 0x00007ff8f03da000 	C:\WINDOWS\System32\powrprof.dll
0x00007ff8f0330000 - 0x00007ff8f0340000 	C:\WINDOWS\System32\UMPDC.dll
0x00007ff8f1fb0000 - 0x00007ff8f2002000 	C:\WINDOWS\System32\shlwapi.dll
0x00007ff8f03e0000 - 0x00007ff8f03f1000 	C:\WINDOWS\System32\kernel.appcore.dll
0x00007ff8f0400000 - 0x00007ff8f0417000 	C:\WINDOWS\System32\cryptsp.dll
0x00007ff8dd370000 - 0x00007ff8dd38a000 	C:\Program Files\Android\jdk\microsoft_dist_openjdk_1.8.0.25\jre\bin\net.dll
0x00007ff8efb20000 - 0x00007ff8efb87000 	C:\WINDOWS\system32\mswsock.dll
0x00007ff8dd350000 - 0x00007ff8dd361000 	C:\Program Files\Android\jdk\microsoft_dist_openjdk_1.8.0.25\jre\bin\nio.dll

VM Arguments:
jvm_args: -Xmx1G 
java_command: com.android.tools.r8.D8 --debug --min-api 21 --output obj\Debug\90\android\bin\ --lib C:\Program Files (x86)\Android\android-sdk\platforms\android-28\android.jar obj\Debug\90\android\bin\classes.zip C:\Program Files (x86)\Microsoft Visual Studio\2019\Enterprise\Common7\IDE\ReferenceAssemblies\Microsoft\Framework\MonoAndroid\v9.0\mono.android.jar C:\Program Files (x86)\Microsoft Visual Studio\2019\Enterprise\MSBuild\Xamarin\Android\java_runtime_fastdev.jar obj\Debug\90\lp\5\jl\formsviewgroup.jar obj\Debug\90\lp\7\jl\android.arch.core.common.jar obj\Debug\90\lp\8\jl\bin\classes.jar obj\Debug\90\lp\9\jl\android.arch.lifecycle.common.jar obj\Debug\90\lp\10\jl\bin\classes.jar obj\Debug\90\lp\11\jl\bin\classes.jar obj\Debug\90\lp\12\jl\bin\classes.jar obj\Debug\90\lp\13\jl\bin\classes.jar obj\Debug\90\lp\14\jl\bin\classes.jar obj\Debug\90\lp\15\jl\com.android.support.support-annotations.jar obj\Debug\90\lp\16\jl\bin\classes.jar obj\Debug\90\lp\17\jl\com.android.support.collections.jar obj\Debug\90\lp\18\jl\bin\classes.jar obj\Debug\90\lp\19\jl\bin\classes.jar obj\Debug\90\lp\20\jl\bin\classes.jar obj\Debug\90\lp\21\jl\bin\classes.jar obj\Debug\90\lp\22\jl\bin\classes.jar obj\Debug\90\lp\23\jl\bin\classes.jar obj\Debug\90\lp\24\jl\bin\classes.jar obj\Debug\90\lp\25\jl\bin\classes.jar obj\Debug\90\lp\26\jl\bin\classes.jar obj\Debug\90\lp\27\jl\bin\classes.jar obj\Debug\90\lp\28\jl\bin\classes.jar obj\Debug\90\lp\29\jl\bin\classes.jar obj\Debug\90\lp\30\jl\bin\classes.jar obj\Debug\90\lp\31\jl\bin\classes.jar obj\Debug\90\lp\32\jl\bin\classes.jar obj\Debug\90\lp\33\jl\bin\classes.jar obj\Debug\90\lp\34\jl\bin\classes.jar obj\Debug\90\lp\35\jl\bin\classes.jar obj\Debug\90\lp\36\jl\bin\classes.jar obj\Debug\90\lp\38\jl\bin\classes.jar obj\Debug\90\lp\39\jl\bin\classes.jar obj\Debug\90\lp\40\jl\bin\classes.jar obj\Debug\90\lp\41\jl\bin\classes.jar obj\Debug\90\lp\42\jl\bin\classes.jar obj\Debug\90\lp\43\jl\bin\classes.jar
java_class_path (initial): C:\Program Files (x86)\Microsoft Visual Studio\2019\Enterprise\MSBuild\Xamarin\Android\r8.jar
Launcher Type: SUN_STANDARD

Environment Variables:
PATH=C:\Program Files\Android\Jdk\microsoft_dist_openjdk_1.8.0.25\bin;C:\Program Files (x86)\Eziriz\.NET Reactor;C:\WINDOWS\system32;C:\WINDOWS;C:\WINDOWS\System32\Wbem;C:\WINDOWS\System32\WindowsPowerShell\v1.0\;C:\WINDOWS\System32\OpenSSH\;C:\Program Files\dotnet\;C:\Program Files\Microsoft SQL Server\130\Tools\Binn\;C:\Program Files\Microsoft SQL Server\Client SDK\ODBC\170\Tools\Binn\;C:\Program Files (x86)\Microsoft SQL Server\Client SDK\ODBC\130\Tools\Binn\;C:\Program Files (x86)\Microsoft SQL Server\140\Tools\Binn\;C:\Program Files (x86)\Microsoft SQL Server\140\DTS\Binn\;C:\Program Files (x86)\Microsoft SQL Server\140\Tools\Binn\ManagementStudio\;C:\Program Files\mosquitto;C:\Program Files\VisioForge\VisioForge SDKs .Net TRIAL\Redist\FFMPEG\;C:\Program Files\VisioForge\VisioForge SDKs .Net TRIAL\Redist\Filters\;C:\Users\PC\AppData\Local\Microsoft\WindowsApps;C:\Users\PC\AppData\Local\GitHubDesktop\bin;C:\Users\PC\.dotnet\tools;C:\Users\PC\.dotnet\tools
USERNAME=PC
OS=Windows_NT
PROCESSOR_IDENTIFIER=Intel64 Family 6 Model 94 Stepping 3, GenuineIntel



---------------  S Y S T E M  ---------------

OS: Windows 10.0 , 64 bit Build 18362 (10.0.18362.1110)

CPU:total 8 (initial active 8) (4 cores per cpu, 2 threads per core) family 6 model 94 stepping 3, cmov, cx8, fxsr, mmx, sse, sse2, sse3, ssse3, sse4.1, sse4.2, popcnt, avx, avx2, aes, clmul, erms, rtm, 3dnowpref, lzcnt, ht, tsc, tscinvbit, bmi1, bmi2, adx

Memory: 4k page, physical 33420396k(3671312k free), swap 33420396k(6016k free)

vm_info: OpenJDK 64-Bit Server VM (25.71-b00) for windows-amd64 JRE (1.8.0-25-microsoft-b00), built on Feb  7 2019 20:09:14 by "builder" with MS VC++ 10.0 (VS2010)

time: Mon Dec 07 12:51:00 2020
timezone: SE Asia Standard Time
elapsed time: 4 seconds (0d 0h 0m 4s)

