#
# There is insufficient memory for the Java Runtime Environment to continue.
# Native memory allocation (malloc) failed to allocate 173296 bytes for Chunk::new
# Possible reasons:
#   The system is out of physical RAM or swap space
#   The process is running with CompressedOops enabled, and the Java Heap may be blocking the growth of the native heap
# Possible solutions:
#   Reduce memory load on the system
#   Increase physical memory or swap space
#   Check if swap backing store is full
#   Decrease Java heap size (-Xmx/-Xms)
#   Decrease number of Java threads
#   Decrease Java thread stack sizes (-Xss)
#   Set larger code cache with -XX:ReservedCodeCacheSize=
#   JVM is running with Unscaled Compressed Oops mode in which the Java heap is
#     placed in the first 4GB address space. The Java Heap base address is the
#     maximum limit for the native heap growth. Please use -XX:HeapBaseMinAddress
#     to set the Java Heap base and to place the Java Heap above 4GB virtual address.
# This output file may be truncated or incomplete.
#
#  Out of Memory Error (allocation.cpp:389), pid=13608, tid=0x00000000000079d0
#
# JRE version: OpenJDK Runtime Environment (8.0) (build 1.8.0-25-microsoft-b00)
# Java VM: OpenJDK 64-Bit Server VM (25.71-b00 mixed mode windows-amd64 compressed oops)
# Failed to write core dump. Minidumps are not enabled by default on client versions of Windows
#

---------------  T H R E A D  ---------------

Current thread (0x00000000171da000):  JavaThread "C2 CompilerThread0" daemon [_thread_in_native, id=31184, stack(0x0000000017ab0000,0x0000000017bb0000)]

Stack: [0x0000000017ab0000,0x0000000017bb0000]
[error occurred during error reporting (printing stack bounds), id 0xc0000005]

Native frames: (J=compiled Java code, j=interpreted, Vv=VM code, C=native code)


Current CompileTask:
C2:     88   85   !   4       java.util.jar.Attributes::read (380 bytes)


---------------  P R O C E S S  ---------------

Java Threads: ( => current thread )
  0x000000001726f800 JavaThread "Service Thread" daemon [_thread_blocked, id=15528, stack(0x0000000017eb0000,0x0000000017fb0000)]
  0x00000000171f2000 JavaThread "C1 CompilerThread3" daemon [_thread_blocked, id=15636, stack(0x0000000017db0000,0x0000000017eb0000)]
  0x00000000171e2000 JavaThread "C2 CompilerThread2" daemon [_thread_blocked, id=30348, stack(0x0000000017cb0000,0x0000000017db0000)]
  0x00000000171df800 JavaThread "C2 CompilerThread1" daemon [_thread_blocked, id=15452, stack(0x0000000017bb0000,0x0000000017cb0000)]
=>0x00000000171da000 JavaThread "C2 CompilerThread0" daemon [_thread_in_native, id=31184, stack(0x0000000017ab0000,0x0000000017bb0000)]
  0x00000000171d9000 JavaThread "Attach Listener" daemon [_thread_blocked, id=22212, stack(0x00000000179b0000,0x0000000017ab0000)]
  0x00000000171d8000 JavaThread "Signal Dispatcher" daemon [_thread_blocked, id=6736, stack(0x00000000178b0000,0x00000000179b0000)]
  0x00000000153e2800 JavaThread "Finalizer" daemon [_thread_blocked, id=26428, stack(0x00000000176b0000,0x00000000177b0000)]
  0x00000000153db800 JavaThread "Reference Handler" daemon [_thread_blocked, id=8984, stack(0x00000000175b0000,0x00000000176b0000)]
  0x00000000027c2800 JavaThread "main" [_thread_in_vm, id=26224, stack(0x00000000026c0000,0x00000000027c0000)]

Other Threads:
  0x00000000153d7800 VMThread [stack: 0x00000000170b0000,0x00000000171b0000] [id=1856]
  0x0000000017270000 WatcherThread [stack: 0x0000000017fb0000,0x00000000180b0000] [id=11072]

VM state:not at safepoint (normal execution)

VM Mutex/Monitor currently owned by a thread: None

heap address: 0x00000000c0000000, size: 1024 MB, Compressed Oops mode: 32-bit
Narrow klass base: 0x0000000000000000, Narrow klass shift: 3
Compressed class space size: 1073741824 Address: 0x0000000100000000

Heap:
 PSYoungGen      total 152576K, used 7864K [0x00000000eab00000, 0x00000000f5500000, 0x0000000100000000)
  eden space 131072K, 6% used [0x00000000eab00000,0x00000000eb2ae168,0x00000000f2b00000)
  from space 21504K, 0% used [0x00000000f4000000,0x00000000f4000000,0x00000000f5500000)
  to   space 21504K, 0% used [0x00000000f2b00000,0x00000000f2b00000,0x00000000f4000000)
 ParOldGen       total 348160K, used 0K [0x00000000c0000000, 0x00000000d5400000, 0x00000000eab00000)
  object space 348160K, 0% used [0x00000000c0000000,0x00000000c0000000,0x00000000d5400000)
 Metaspace       used 2785K, capacity 4480K, committed 4480K, reserved 1056768K
  class space    used 290K, capacity 384K, committed 384K, reserved 1048576K

Card table byte_map: [0x0000000011c80000,0x0000000011e90000] byte_map_base: 0x0000000011680000

Marking Bits: (ParMarkBitMap*) 0x000000006cce8f30
 Begin Bits: [0x00000000127f0000, 0x00000000137f0000)
 End Bits:   [0x00000000137f0000, 0x00000000147f0000)

Polling page: 0x0000000000fa0000

CodeCache: size=245760Kb used=1276Kb max_used=1293Kb free=244483Kb
 bounds [0x00000000028c0000, 0x0000000002b30000, 0x00000000118c0000]
 total_blobs=327 nmethods=91 adapters=150
 compilation: enabled

Compilation events (10 events):
Event: 0.083 Thread 0x00000000171f2000 nmethod 84 0x00000000029fd710 code [0x00000000029fd880, 0x00000000029fdaa8]
Event: 0.083 Thread 0x00000000171e2000 nmethod 87 0x0000000002a039d0 code [0x0000000002a03b20, 0x0000000002a03e38]
Event: 0.083 Thread 0x00000000171e2000   89       4       sun.misc.ASCIICaseInsensitiveComparator::lowerCaseHashCode (36 bytes)
Event: 0.083 Thread 0x00000000171df800 nmethod 86 0x00000000029fe950 code [0x00000000029feaa0, 0x00000000029fedb8]
Event: 0.083 Thread 0x00000000171df800   88       4       java.util.jar.Manifest::toLower (24 bytes)
Event: 0.083 Thread 0x00000000171df800 nmethod 88 0x00000000029fe710 code [0x00000000029fe840, 0x00000000029fe8d8]
Event: 0.083 Thread 0x00000000171df800   91       4       java.util.jar.Manifest$FastInputStream::readLine (9 bytes)
Event: 0.085 Thread 0x00000000171e2000 nmethod 89 0x00000000029fe1d0 code [0x00000000029fe320, 0x00000000029fe5b8]
Event: 0.085 Thread 0x00000000171e2000   92       4       java.lang.String::checkBounds (46 bytes)
Event: 0.085 Thread 0x00000000171e2000 nmethod 92 0x00000000029fdf10 code [0x00000000029fe040, 0x00000000029fe0f8]

GC Heap History (0 events):
No events

Deoptimization events (0 events):
No events

Classes redefined (0 events):
No events

Internal exceptions (2 events):
Event: 0.023 Thread 0x00000000027c2800 Exception <a 'java/lang/NoSuchMethodError': Method sun.misc.Unsafe.defineClass(Ljava/lang/String;[BII)Ljava/lang/Class; name or signature does not match> (0x00000000eab07cb0) thrown at [D:\j\worksp~1\openjd~3\jdk8u\hotspot\src\share\vm\prims\jni.cpp, line
Event: 0.023 Thread 0x00000000027c2800 Exception <a 'java/lang/NoSuchMethodError': Method sun.misc.Unsafe.prefetchRead(Ljava/lang/Object;J)V name or signature does not match> (0x00000000eab07f98) thrown at [D:\j\worksp~1\openjd~3\jdk8u\hotspot\src\share\vm\prims\jni.cpp, line 4012]

Events (10 events):
Event: 0.087 loading class sun/security/util/AlgorithmDecomposer
Event: 0.087 loading class sun/security/util/AlgorithmDecomposer done
Event: 0.087 loading class java/util/regex/Pattern
Event: 0.087 loading class java/util/regex/Pattern done
Event: 0.087 loading class java/util/regex/Pattern$4
Event: 0.087 loading class java/util/regex/Pattern$Node
Event: 0.087 loading class java/util/regex/Pattern$Node done
Event: 0.087 loading class java/util/regex/Pattern$4 done
Event: 0.087 loading class java/util/regex/Pattern$LastNode
Event: 0.088 loading class java/util/regex/Pattern$LastNode done


Dynamic libraries:
0x00007ff6ecde0000 - 0x00007ff6ece15000 	C:\Program Files\Android\Jdk\microsoft_dist_openjdk_1.8.0.25\bin\java.exe
0x00007ffe57c00000 - 0x00007ffe57df0000 	C:\WINDOWS\SYSTEM32\ntdll.dll
0x00007ffe55cb0000 - 0x00007ffe55d62000 	C:\WINDOWS\System32\KERNEL32.DLL
0x00007ffe54dd0000 - 0x00007ffe55075000 	C:\WINDOWS\System32\KERNELBASE.dll
0x00007ffe56ce0000 - 0x00007ffe56d83000 	C:\WINDOWS\System32\ADVAPI32.dll
0x00007ffe55df0000 - 0x00007ffe55e8e000 	C:\WINDOWS\System32\msvcrt.dll
0x00007ffe579c0000 - 0x00007ffe57a57000 	C:\WINDOWS\System32\sechost.dll
0x00007ffe57150000 - 0x00007ffe57270000 	C:\WINDOWS\System32\RPCRT4.dll
0x00007ffe56ed0000 - 0x00007ffe57064000 	C:\WINDOWS\System32\USER32.dll
0x00007ffe553d0000 - 0x00007ffe553f1000 	C:\WINDOWS\System32\win32u.dll
0x00007ffe56df0000 - 0x00007ffe56e16000 	C:\WINDOWS\System32\GDI32.dll
0x00007ffe551b0000 - 0x00007ffe55346000 	C:\WINDOWS\System32\gdi32full.dll
0x00007ffe55400000 - 0x00007ffe5549e000 	C:\WINDOWS\System32\msvcp_win.dll
0x00007ffe54b80000 - 0x00007ffe54c7a000 	C:\WINDOWS\System32\ucrtbase.dll
0x00007ffe44910000 - 0x00007ffe44b94000 	C:\WINDOWS\WinSxS\amd64_microsoft.windows.common-controls_6595b64144ccf1df_6.0.18362.1198_none_9e820b57e45ad92f\COMCTL32.dll
0x00007ffe572e0000 - 0x00007ffe57615000 	C:\WINDOWS\System32\combase.dll
0x00007ffe55350000 - 0x00007ffe553d0000 	C:\WINDOWS\System32\bcryptPrimitives.dll
0x00007ffe57860000 - 0x00007ffe5788e000 	C:\WINDOWS\System32\IMM32.DLL
0x000000006cd70000 - 0x000000006ce41000 	C:\Program Files\Android\Jdk\microsoft_dist_openjdk_1.8.0.25\jre\bin\msvcr100.dll
0x000000006c520000 - 0x000000006cd65000 	C:\Program Files\Android\Jdk\microsoft_dist_openjdk_1.8.0.25\jre\bin\server\jvm.dll
0x00007ffe57070000 - 0x00007ffe57078000 	C:\WINDOWS\System32\PSAPI.DLL
0x00007ffe51590000 - 0x00007ffe515b4000 	C:\WINDOWS\SYSTEM32\WINMM.dll
0x00007ffe4bcf0000 - 0x00007ffe4bcf9000 	C:\WINDOWS\SYSTEM32\WSOCK32.dll
0x00007ffe535f0000 - 0x00007ffe535fa000 	C:\WINDOWS\SYSTEM32\VERSION.dll
0x00007ffe57270000 - 0x00007ffe572df000 	C:\WINDOWS\System32\WS2_32.dll
0x00007ffe51300000 - 0x00007ffe5132d000 	C:\WINDOWS\SYSTEM32\winmmbase.dll
0x00007ffe55160000 - 0x00007ffe551aa000 	C:\WINDOWS\System32\cfgmgr32.dll
0x00007ffe53640000 - 0x00007ffe5364f000 	C:\Program Files\Android\Jdk\microsoft_dist_openjdk_1.8.0.25\jre\bin\verify.dll
0x00007ffe53610000 - 0x00007ffe53639000 	C:\Program Files\Android\Jdk\microsoft_dist_openjdk_1.8.0.25\jre\bin\java.dll
0x00007ffe4d220000 - 0x00007ffe4d236000 	C:\Program Files\Android\Jdk\microsoft_dist_openjdk_1.8.0.25\jre\bin\zip.dll
0x00007ffe56120000 - 0x00007ffe56807000 	C:\WINDOWS\System32\SHELL32.dll
0x00007ffe57890000 - 0x00007ffe57939000 	C:\WINDOWS\System32\shcore.dll
0x00007ffe554a0000 - 0x00007ffe55c21000 	C:\WINDOWS\System32\windows.storage.dll
0x00007ffe54b50000 - 0x00007ffe54b73000 	C:\WINDOWS\System32\profapi.dll
0x00007ffe54b00000 - 0x00007ffe54b4a000 	C:\WINDOWS\System32\powrprof.dll
0x00007ffe54ab0000 - 0x00007ffe54ac0000 	C:\WINDOWS\System32\UMPDC.dll
0x00007ffe55f10000 - 0x00007ffe55f62000 	C:\WINDOWS\System32\shlwapi.dll
0x00007ffe54ae0000 - 0x00007ffe54af1000 	C:\WINDOWS\System32\kernel.appcore.dll
0x00007ffe55c30000 - 0x00007ffe55c47000 	C:\WINDOWS\System32\cryptsp.dll

VM Arguments:
jvm_args: -Xmx1G 
java_command: com.android.tools.r8.D8 --debug --min-api 21 --output obj\Debug\90\android\bin\ --lib C:\Program Files (x86)\Android\android-sdk\platforms\android-28\android.jar obj\Debug\90\android\bin\classes.zip C:\Program Files (x86)\Microsoft Visual Studio\2019\Enterprise\Common7\IDE\ReferenceAssemblies\Microsoft\Framework\MonoAndroid\v9.0\mono.android.jar C:\Program Files (x86)\Microsoft Visual Studio\2019\Enterprise\MSBuild\Xamarin\Android\java_runtime_fastdev.jar obj\Debug\90\lp\8\jl\formsviewgroup.jar obj\Debug\90\lp\13\jl\android.arch.core.common.jar obj\Debug\90\lp\14\jl\bin\classes.jar obj\Debug\90\lp\15\jl\android.arch.lifecycle.common.jar obj\Debug\90\lp\16\jl\bin\classes.jar obj\Debug\90\lp\17\jl\bin\classes.jar obj\Debug\90\lp\18\jl\bin\classes.jar obj\Debug\90\lp\19\jl\bin\classes.jar obj\Debug\90\lp\20\jl\bin\classes.jar obj\Debug\90\lp\21\jl\com.android.support.support-annotations.jar obj\Debug\90\lp\22\jl\bin\classes.jar obj\Debug\90\lp\23\jl\com.android.support.collections.jar obj\Debug\90\lp\24\jl\bin\classes.jar obj\Debug\90\lp\25\jl\bin\classes.jar obj\Debug\90\lp\26\jl\bin\classes.jar obj\Debug\90\lp\27\jl\bin\classes.jar obj\Debug\90\lp\28\jl\bin\classes.jar obj\Debug\90\lp\29\jl\bin\classes.jar obj\Debug\90\lp\30\jl\bin\classes.jar obj\Debug\90\lp\31\jl\bin\classes.jar obj\Debug\90\lp\32\jl\bin\classes.jar obj\Debug\90\lp\33\jl\bin\classes.jar obj\Debug\90\lp\34\jl\bin\classes.jar obj\Debug\90\lp\35\jl\bin\classes.jar obj\Debug\90\lp\36\jl\bin\classes.jar obj\Debug\90\lp\37\jl\bin\classes.jar obj\Debug\90\lp\38\jl\bin\classes.jar obj\Debug\90\lp\39\jl\bin\classes.jar obj\Debug\90\lp\40\jl\bin\classes.jar obj\Debug\90\lp\41\jl\bin\classes.jar obj\Debug\90\lp\42\jl\bin\classes.jar obj\Debug\90\lp\44\jl\bin\classes.jar obj\Debug\90\lp\45\jl\bin\classes.jar obj\Debug\90\lp\46\jl\bin\classes.jar obj\Debug\90\lp\47\jl\bin\classes.jar obj\Debug\90\lp\48\jl\bin\classes.jar obj\Debug\90\lp\49\jl\bin\classes.jar
java_class_path (initial): C:\Program Files (x86)\Microsoft Visual Studio\2019\Enterprise\MSBuild\Xamarin\Android\r8.jar
Launcher Type: SUN_STANDARD

Environment Variables:
PATH=C:\Program Files\Android\Jdk\microsoft_dist_openjdk_1.8.0.25\bin;C:\Program Files (x86)\Eziriz\.NET Reactor;C:\WINDOWS\system32;C:\WINDOWS;C:\WINDOWS\System32\Wbem;C:\WINDOWS\System32\WindowsPowerShell\v1.0\;C:\WINDOWS\System32\OpenSSH\;C:\Program Files\dotnet\;C:\Program Files\Microsoft SQL Server\130\Tools\Binn\;C:\Program Files\Microsoft SQL Server\Client SDK\ODBC\170\Tools\Binn\;C:\Program Files (x86)\Microsoft SQL Server\Client SDK\ODBC\130\Tools\Binn\;C:\Program Files (x86)\Microsoft SQL Server\140\Tools\Binn\;C:\Program Files (x86)\Microsoft SQL Server\140\DTS\Binn\;C:\Program Files (x86)\Microsoft SQL Server\140\Tools\Binn\ManagementStudio\;C:\Program Files\mosquitto;C:\Program Files\VisioForge\VisioForge SDKs .Net TRIAL\Redist\FFMPEG\;C:\Program Files\VisioForge\VisioForge SDKs .Net TRIAL\Redist\Filters\;C:\Users\PC\AppData\Local\Microsoft\WindowsApps;C:\Users\PC\AppData\Local\GitHubDesktop\bin;C:\Users\PC\.dotnet\tools;C:\Users\PC\.dotnet\tools
USERNAME=PC
OS=Windows_NT
PROCESSOR_IDENTIFIER=Intel64 Family 6 Model 94 Stepping 3, GenuineIntel



---------------  S Y S T E M  ---------------

OS: Windows 10.0 , 64 bit Build 18362 (10.0.18362.1110)

CPU:total 8 (initial active 8) (4 cores per cpu, 2 threads per core) family 6 model 94 stepping 3, cmov, cx8, fxsr, mmx, sse, sse2, sse3, ssse3, sse4.1, sse4.2, popcnt, avx, avx2, aes, clmul, erms, rtm, 3dnowpref, lzcnt, ht, tsc, tscinvbit, bmi1, bmi2, adx

Memory: 4k page, physical 33420396k(3501884k free), swap 33420396k(5136k free)

vm_info: OpenJDK 64-Bit Server VM (25.71-b00) for windows-amd64 JRE (1.8.0-25-microsoft-b00), built on Feb  7 2019 20:09:14 by "builder" with MS VC++ 10.0 (VS2010)

time: Mon Dec 14 10:34:59 2020
timezone: SE Asia Standard Time
elapsed time: 0 seconds (0d 0h 0m 0s)

